Performing C SOURCE FILE Test CMAKE_HAVE_LIBC_PTHREAD failed with the following output:
Change Dir: /home/unroot/Desktop/opengl/build/CMakeFiles/CMakeTmp

Run Build Command(s):/usr/bin/gmake cmTC_85fcd/fast && /usr/bin/gmake  -f CMakeFiles/cmTC_85fcd.dir/build.make CMakeFiles/cmTC_85fcd.dir/build
gmake[1]: Entering directory '/home/unroot/Desktop/opengl/build/CMakeFiles/CMakeTmp'
Building C object CMakeFiles/cmTC_85fcd.dir/src.c.o
/usr/bin/cc   -DCMAKE_HAVE_LIBC_PTHREAD -o CMakeFiles/cmTC_85fcd.dir/src.c.o -c /home/unroot/Desktop/opengl/build/CMakeFiles/CMakeTmp/src.c
Linking C executable cmTC_85fcd
/usr/bin/cmake -E cmake_link_script CMakeFiles/cmTC_85fcd.dir/link.txt --verbose=1
/usr/bin/cc  -DCMAKE_HAVE_LIBC_PTHREAD CMakeFiles/cmTC_85fcd.dir/src.c.o -o cmTC_85fcd 
/usr/bin/ld: CMakeFiles/cmTC_85fcd.dir/src.c.o: in function `main':
src.c:(.text+0x2f): undefined reference to `pthread_create'
/usr/bin/ld: src.c:(.text+0x3b): undefined reference to `pthread_detach'
/usr/bin/ld: src.c:(.text+0x47): undefined reference to `pthread_cancel'
/usr/bin/ld: src.c:(.text+0x58): undefined reference to `pthread_join'
collect2: error: ld returned 1 exit status
gmake[1]: *** [CMakeFiles/cmTC_85fcd.dir/build.make:106: cmTC_85fcd] Error 1
gmake[1]: Leaving directory '/home/unroot/Desktop/opengl/build/CMakeFiles/CMakeTmp'
gmake: *** [Makefile:140: cmTC_85fcd/fast] Error 2


Source file was:
#include <pthread.h>

void* test_func(void* data)
{
  return data;
}

int main(void)
{
  pthread_t thread;
  pthread_create(&thread, NULL, test_func, NULL);
  pthread_detach(thread);
  pthread_cancel(thread);
  pthread_join(thread, NULL);
  pthread_atfork(NULL, NULL, NULL);
  pthread_exit(NULL);

  return 0;
}

Determining if the function pthread_create exists in the pthreads failed with the following output:
Change Dir: /home/unroot/Desktop/opengl/build/CMakeFiles/CMakeTmp

Run Build Command(s):/usr/bin/gmake cmTC_73416/fast && /usr/bin/gmake  -f CMakeFiles/cmTC_73416.dir/build.make CMakeFiles/cmTC_73416.dir/build
gmake[1]: Entering directory '/home/unroot/Desktop/opengl/build/CMakeFiles/CMakeTmp'
Building C object CMakeFiles/cmTC_73416.dir/CheckFunctionExists.c.o
/usr/bin/cc   -DCHECK_FUNCTION_EXISTS=pthread_create -o CMakeFiles/cmTC_73416.dir/CheckFunctionExists.c.o -c /usr/share/cmake-3.18/Modules/CheckFunctionExists.c
Linking C executable cmTC_73416
/usr/bin/cmake -E cmake_link_script CMakeFiles/cmTC_73416.dir/link.txt --verbose=1
/usr/bin/cc  -DCHECK_FUNCTION_EXISTS=pthread_create CMakeFiles/cmTC_73416.dir/CheckFunctionExists.c.o -o cmTC_73416  -lpthreads 
/usr/bin/ld: cannot find -lpthreads
collect2: error: ld returned 1 exit status
gmake[1]: *** [CMakeFiles/cmTC_73416.dir/build.make:106: cmTC_73416] Error 1
gmake[1]: Leaving directory '/home/unroot/Desktop/opengl/build/CMakeFiles/CMakeTmp'
gmake: *** [Makefile:140: cmTC_73416/fast] Error 2



Determining if the include file winsock2.h exists failed with the following output:
Change Dir: /home/unroot/Desktop/opengl/build/CMakeFiles/CMakeTmp

Run Build Command(s):/usr/bin/gmake cmTC_cc237/fast && /usr/bin/gmake  -f CMakeFiles/cmTC_cc237.dir/build.make CMakeFiles/cmTC_cc237.dir/build
gmake[1]: Entering directory '/home/unroot/Desktop/opengl/build/CMakeFiles/CMakeTmp'
Building C object CMakeFiles/cmTC_cc237.dir/CheckIncludeFile.c.o
/usr/bin/cc    -o CMakeFiles/cmTC_cc237.dir/CheckIncludeFile.c.o -c /home/unroot/Desktop/opengl/build/CMakeFiles/CMakeTmp/CheckIncludeFile.c
/home/unroot/Desktop/opengl/build/CMakeFiles/CMakeTmp/CheckIncludeFile.c:1:10: fatal error: winsock2.h: No such file or directory
    1 | #include <winsock2.h>
      |          ^~~~~~~~~~~~
compilation terminated.
gmake[1]: *** [CMakeFiles/cmTC_cc237.dir/build.make:85: CMakeFiles/cmTC_cc237.dir/CheckIncludeFile.c.o] Error 1
gmake[1]: Leaving directory '/home/unroot/Desktop/opengl/build/CMakeFiles/CMakeTmp'
gmake: *** [Makefile:140: cmTC_cc237/fast] Error 2



Determining if the include file mem.h exists failed with the following output:
Change Dir: /home/unroot/Desktop/opengl/build/CMakeFiles/CMakeTmp

Run Build Command(s):/usr/bin/gmake cmTC_4742b/fast && /usr/bin/gmake  -f CMakeFiles/cmTC_4742b.dir/build.make CMakeFiles/cmTC_4742b.dir/build
gmake[1]: Entering directory '/home/unroot/Desktop/opengl/build/CMakeFiles/CMakeTmp'
Building C object CMakeFiles/cmTC_4742b.dir/CheckIncludeFile.c.o
/usr/bin/cc    -o CMakeFiles/cmTC_4742b.dir/CheckIncludeFile.c.o -c /home/unroot/Desktop/opengl/build/CMakeFiles/CMakeTmp/CheckIncludeFile.c
/home/unroot/Desktop/opengl/build/CMakeFiles/CMakeTmp/CheckIncludeFile.c:1:10: fatal error: mem.h: No such file or directory
    1 | #include <mem.h>
      |          ^~~~~~~
compilation terminated.
gmake[1]: *** [CMakeFiles/cmTC_4742b.dir/build.make:85: CMakeFiles/cmTC_4742b.dir/CheckIncludeFile.c.o] Error 1
gmake[1]: Leaving directory '/home/unroot/Desktop/opengl/build/CMakeFiles/CMakeTmp'
gmake: *** [Makefile:140: cmTC_4742b/fast] Error 2



Determining if the include file BaseTsd.h exists failed with the following output:
Change Dir: /home/unroot/Desktop/opengl/build/CMakeFiles/CMakeTmp

Run Build Command(s):/usr/bin/gmake cmTC_32f44/fast && /usr/bin/gmake  -f CMakeFiles/cmTC_32f44.dir/build.make CMakeFiles/cmTC_32f44.dir/build
gmake[1]: Entering directory '/home/unroot/Desktop/opengl/build/CMakeFiles/CMakeTmp'
Building C object CMakeFiles/cmTC_32f44.dir/CheckIncludeFile.c.o
/usr/bin/cc    -o CMakeFiles/cmTC_32f44.dir/CheckIncludeFile.c.o -c /home/unroot/Desktop/opengl/build/CMakeFiles/CMakeTmp/CheckIncludeFile.c
/home/unroot/Desktop/opengl/build/CMakeFiles/CMakeTmp/CheckIncludeFile.c:1:10: fatal error: BaseTsd.h: No such file or directory
    1 | #include <BaseTsd.h>
      |          ^~~~~~~~~~~
compilation terminated.
gmake[1]: *** [CMakeFiles/cmTC_32f44.dir/build.make:85: CMakeFiles/cmTC_32f44.dir/CheckIncludeFile.c.o] Error 1
gmake[1]: Leaving directory '/home/unroot/Desktop/opengl/build/CMakeFiles/CMakeTmp'
gmake: *** [Makefile:140: cmTC_32f44/fast] Error 2



Performing C SOURCE FILE Test PODOFO_HAVE_OPENSSL_NO_RC4 failed with the following output:
Change Dir: /home/unroot/Desktop/opengl/build/CMakeFiles/CMakeTmp

Run Build Command(s):/usr/bin/gmake cmTC_273b5/fast && /usr/bin/gmake  -f CMakeFiles/cmTC_273b5.dir/build.make CMakeFiles/cmTC_273b5.dir/build
gmake[1]: Entering directory '/home/unroot/Desktop/opengl/build/CMakeFiles/CMakeTmp'
Building C object CMakeFiles/cmTC_273b5.dir/src.c.o
/usr/bin/cc   -DPODOFO_HAVE_OPENSSL_NO_RC4 -o CMakeFiles/cmTC_273b5.dir/src.c.o -c /home/unroot/Desktop/opengl/build/CMakeFiles/CMakeTmp/src.c
/home/unroot/Desktop/opengl/build/CMakeFiles/CMakeTmp/src.c:3:26: error: #error No OPENSSL_NO_RC4 defined
    3 |                         #error No OPENSSL_NO_RC4 defined
      |                          ^~~~~
gmake[1]: *** [CMakeFiles/cmTC_273b5.dir/build.make:85: CMakeFiles/cmTC_273b5.dir/src.c.o] Error 1
gmake[1]: Leaving directory '/home/unroot/Desktop/opengl/build/CMakeFiles/CMakeTmp'
gmake: *** [Makefile:140: cmTC_273b5/fast] Error 2


Source file was:
#include <openssl/opensslconf.h>
			#ifndef OPENSSL_NO_RC4
			#error No OPENSSL_NO_RC4 defined
			#endif
			int main(void) { return 0; }
Determining if files usbhid.h exist failed with the following output:
Change Dir: /home/unroot/Desktop/opengl/build/CMakeFiles/CMakeTmp

Run Build Command(s):/usr/bin/gmake cmTC_54ca0/fast && /usr/bin/gmake  -f CMakeFiles/cmTC_54ca0.dir/build.make CMakeFiles/cmTC_54ca0.dir/build
gmake[1]: Entering directory '/home/unroot/Desktop/opengl/build/CMakeFiles/CMakeTmp'
Building C object CMakeFiles/cmTC_54ca0.dir/HAVE_USBHID_H.c.o
/usr/bin/cc   -Wall -pedantic  -o CMakeFiles/cmTC_54ca0.dir/HAVE_USBHID_H.c.o -c /home/unroot/Desktop/opengl/build/CMakeFiles/CheckIncludeFiles/HAVE_USBHID_H.c
/home/unroot/Desktop/opengl/build/CMakeFiles/CheckIncludeFiles/HAVE_USBHID_H.c:2:10: fatal error: usbhid.h: No such file or directory
    2 | #include <usbhid.h>
      |          ^~~~~~~~~~
compilation terminated.
gmake[1]: *** [CMakeFiles/cmTC_54ca0.dir/build.make:85: CMakeFiles/cmTC_54ca0.dir/HAVE_USBHID_H.c.o] Error 1
gmake[1]: Leaving directory '/home/unroot/Desktop/opengl/build/CMakeFiles/CMakeTmp'
gmake: *** [Makefile:140: cmTC_54ca0/fast] Error 2


Source:
/* */
#include <usbhid.h>


int main(void){return 0;}

Determining if the function XParseGeometry exists failed with the following output:
Change Dir: /home/unroot/Desktop/opengl/build/CMakeFiles/CMakeTmp

Run Build Command(s):/usr/bin/gmake cmTC_bc30e/fast && /usr/bin/gmake  -f CMakeFiles/cmTC_bc30e.dir/build.make CMakeFiles/cmTC_bc30e.dir/build
gmake[1]: Entering directory '/home/unroot/Desktop/opengl/build/CMakeFiles/CMakeTmp'
Building C object CMakeFiles/cmTC_bc30e.dir/CheckFunctionExists.c.o
/usr/bin/cc   -Wall -pedantic -DCHECK_FUNCTION_EXISTS=XParseGeometry -o CMakeFiles/cmTC_bc30e.dir/CheckFunctionExists.c.o -c /usr/share/cmake-3.18/Modules/CheckFunctionExists.c
Linking C executable cmTC_bc30e
/usr/bin/cmake -E cmake_link_script CMakeFiles/cmTC_bc30e.dir/link.txt --verbose=1
/usr/bin/cc  -Wall -pedantic -DCHECK_FUNCTION_EXISTS=XParseGeometry CMakeFiles/cmTC_bc30e.dir/CheckFunctionExists.c.o -o cmTC_bc30e  -lm 
/usr/bin/ld: CMakeFiles/cmTC_bc30e.dir/CheckFunctionExists.c.o: in function `main':
CheckFunctionExists.c:(.text+0x10): undefined reference to `XParseGeometry'
collect2: error: ld returned 1 exit status
gmake[1]: *** [CMakeFiles/cmTC_bc30e.dir/build.make:106: cmTC_bc30e] Error 1
gmake[1]: Leaving directory '/home/unroot/Desktop/opengl/build/CMakeFiles/CMakeTmp'
gmake: *** [Makefile:140: cmTC_bc30e/fast] Error 2



