The system is: Linux - 4.19.0-kali4-amd64 - x86_64
Compiling the C compiler identification source file "CMakeCCompilerId.c" succeeded.
Compiler: /usr/bin/cc 
Build flags: 
Id flags:  

The output was:
0


Compilation of the C compiler identification source "CMakeCCompilerId.c" produced "a.out"

The C compiler identification is GNU, found in "/home/unroot/Desktop/opengl/build/CMakeFiles/3.18.4/CompilerIdC/a.out"

Compiling the CXX compiler identification source file "CMakeCXXCompilerId.cpp" succeeded.
Compiler: /usr/bin/c++ 
Build flags: 
Id flags:  

The output was:
0


Compilation of the CXX compiler identification source "CMakeCXXCompilerId.cpp" produced "a.out"

The CXX compiler identification is GNU, found in "/home/unroot/Desktop/opengl/build/CMakeFiles/3.18.4/CompilerIdCXX/a.out"

Detecting C compiler ABI info compiled with the following output:
Change Dir: /home/unroot/Desktop/opengl/build/CMakeFiles/CMakeTmp

Run Build Command(s):/usr/bin/gmake cmTC_37fa7/fast && /usr/bin/gmake  -f CMakeFiles/cmTC_37fa7.dir/build.make CMakeFiles/cmTC_37fa7.dir/build
gmake[1]: Entering directory '/home/unroot/Desktop/opengl/build/CMakeFiles/CMakeTmp'
Building C object CMakeFiles/cmTC_37fa7.dir/CMakeCCompilerABI.c.o
/usr/bin/cc   -v -o CMakeFiles/cmTC_37fa7.dir/CMakeCCompilerABI.c.o -c /usr/share/cmake-3.18/Modules/CMakeCCompilerABI.c
Using built-in specs.
COLLECT_GCC=/usr/bin/cc
OFFLOAD_TARGET_NAMES=nvptx-none:amdgcn-amdhsa
OFFLOAD_TARGET_DEFAULT=1
Target: x86_64-linux-gnu
Configured with: ../src/configure -v --with-pkgversion='Debian 11.2.0-13' --with-bugurl=file:///usr/share/doc/gcc-11/README.Bugs --enable-languages=c,ada,c++,go,brig,d,fortran,objc,obj-c++,m2 --prefix=/usr --with-gcc-major-version-only --program-suffix=-11 --program-prefix=x86_64-linux-gnu- --enable-shared --enable-linker-build-id --libexecdir=/usr/lib --without-included-gettext --enable-threads=posix --libdir=/usr/lib --enable-nls --enable-bootstrap --enable-clocale=gnu --enable-libstdcxx-debug --enable-libstdcxx-time=yes --with-default-libstdcxx-abi=new --enable-gnu-unique-object --disable-vtable-verify --enable-plugin --enable-default-pie --with-system-zlib --enable-libphobos-checking=release --with-target-system-zlib=auto --enable-objc-gc=auto --enable-multiarch --disable-werror --enable-cet --with-arch-32=i686 --with-abi=m64 --with-multilib-list=m32,m64,mx32 --enable-multilib --with-tune=generic --enable-offload-targets=nvptx-none=/build/gcc-11-KdLYb3/gcc-11-11.2.0/debian/tmp-nvptx/usr,amdgcn-amdhsa=/build/gcc-11-KdLYb3/gcc-11-11.2.0/debian/tmp-gcn/usr --without-cuda-driver --enable-checking=release --build=x86_64-linux-gnu --host=x86_64-linux-gnu --target=x86_64-linux-gnu --with-build-config=bootstrap-lto-lean --enable-link-serialization=2
Thread model: posix
Supported LTO compression algorithms: zlib zstd
gcc version 11.2.0 (Debian 11.2.0-13) 
COLLECT_GCC_OPTIONS='-v' '-o' 'CMakeFiles/cmTC_37fa7.dir/CMakeCCompilerABI.c.o' '-c' '-mtune=generic' '-march=x86-64' '-dumpdir' 'CMakeFiles/cmTC_37fa7.dir/'
 /usr/lib/gcc/x86_64-linux-gnu/11/cc1 -quiet -v -imultiarch x86_64-linux-gnu /usr/share/cmake-3.18/Modules/CMakeCCompilerABI.c -quiet -dumpdir CMakeFiles/cmTC_37fa7.dir/ -dumpbase CMakeCCompilerABI.c.c -dumpbase-ext .c -mtune=generic -march=x86-64 -version -fasynchronous-unwind-tables -o /tmp/ccGWv6S1.s
GNU C17 (Debian 11.2.0-13) version 11.2.0 (x86_64-linux-gnu)
	compiled by GNU C version 11.2.0, GMP version 6.2.1, MPFR version 4.1.0, MPC version 1.2.1, isl version isl-0.24-GMP

GGC heuristics: --param ggc-min-expand=100 --param ggc-min-heapsize=131072
ignoring nonexistent directory "/usr/local/include/x86_64-linux-gnu"
ignoring nonexistent directory "/usr/lib/gcc/x86_64-linux-gnu/11/include-fixed"
ignoring nonexistent directory "/usr/lib/gcc/x86_64-linux-gnu/11/../../../../x86_64-linux-gnu/include"
#include "..." search starts here:
#include <...> search starts here:
 /usr/lib/gcc/x86_64-linux-gnu/11/include
 /usr/local/include
 /usr/include/x86_64-linux-gnu
 /usr/include
End of search list.
GNU C17 (Debian 11.2.0-13) version 11.2.0 (x86_64-linux-gnu)
	compiled by GNU C version 11.2.0, GMP version 6.2.1, MPFR version 4.1.0, MPC version 1.2.1, isl version isl-0.24-GMP

GGC heuristics: --param ggc-min-expand=100 --param ggc-min-heapsize=131072
Compiler executable checksum: 2077d52c115dc094ca7ad13a4c3eb044
COLLECT_GCC_OPTIONS='-v' '-o' 'CMakeFiles/cmTC_37fa7.dir/CMakeCCompilerABI.c.o' '-c' '-mtune=generic' '-march=x86-64' '-dumpdir' 'CMakeFiles/cmTC_37fa7.dir/'
 as -v --64 -o CMakeFiles/cmTC_37fa7.dir/CMakeCCompilerABI.c.o /tmp/ccGWv6S1.s
GNU assembler version 2.37 (x86_64-linux-gnu) using BFD version (GNU Binutils for Debian) 2.37
COMPILER_PATH=/usr/lib/gcc/x86_64-linux-gnu/11/:/usr/lib/gcc/x86_64-linux-gnu/11/:/usr/lib/gcc/x86_64-linux-gnu/:/usr/lib/gcc/x86_64-linux-gnu/11/:/usr/lib/gcc/x86_64-linux-gnu/
LIBRARY_PATH=/usr/lib/gcc/x86_64-linux-gnu/11/:/usr/lib/gcc/x86_64-linux-gnu/11/../../../x86_64-linux-gnu/:/usr/lib/gcc/x86_64-linux-gnu/11/../../../../lib/:/lib/x86_64-linux-gnu/:/lib/../lib/:/usr/lib/x86_64-linux-gnu/:/usr/lib/../lib/:/usr/lib/gcc/x86_64-linux-gnu/11/../../../:/lib/:/usr/lib/
COLLECT_GCC_OPTIONS='-v' '-o' 'CMakeFiles/cmTC_37fa7.dir/CMakeCCompilerABI.c.o' '-c' '-mtune=generic' '-march=x86-64' '-dumpdir' 'CMakeFiles/cmTC_37fa7.dir/CMakeCCompilerABI.c.'
Linking C executable cmTC_37fa7
/usr/bin/cmake -E cmake_link_script CMakeFiles/cmTC_37fa7.dir/link.txt --verbose=1
/usr/bin/cc  -v CMakeFiles/cmTC_37fa7.dir/CMakeCCompilerABI.c.o -o cmTC_37fa7 
Using built-in specs.
COLLECT_GCC=/usr/bin/cc
COLLECT_LTO_WRAPPER=/usr/lib/gcc/x86_64-linux-gnu/11/lto-wrapper
OFFLOAD_TARGET_NAMES=nvptx-none:amdgcn-amdhsa
OFFLOAD_TARGET_DEFAULT=1
Target: x86_64-linux-gnu
Configured with: ../src/configure -v --with-pkgversion='Debian 11.2.0-13' --with-bugurl=file:///usr/share/doc/gcc-11/README.Bugs --enable-languages=c,ada,c++,go,brig,d,fortran,objc,obj-c++,m2 --prefix=/usr --with-gcc-major-version-only --program-suffix=-11 --program-prefix=x86_64-linux-gnu- --enable-shared --enable-linker-build-id --libexecdir=/usr/lib --without-included-gettext --enable-threads=posix --libdir=/usr/lib --enable-nls --enable-bootstrap --enable-clocale=gnu --enable-libstdcxx-debug --enable-libstdcxx-time=yes --with-default-libstdcxx-abi=new --enable-gnu-unique-object --disable-vtable-verify --enable-plugin --enable-default-pie --with-system-zlib --enable-libphobos-checking=release --with-target-system-zlib=auto --enable-objc-gc=auto --enable-multiarch --disable-werror --enable-cet --with-arch-32=i686 --with-abi=m64 --with-multilib-list=m32,m64,mx32 --enable-multilib --with-tune=generic --enable-offload-targets=nvptx-none=/build/gcc-11-KdLYb3/gcc-11-11.2.0/debian/tmp-nvptx/usr,amdgcn-amdhsa=/build/gcc-11-KdLYb3/gcc-11-11.2.0/debian/tmp-gcn/usr --without-cuda-driver --enable-checking=release --build=x86_64-linux-gnu --host=x86_64-linux-gnu --target=x86_64-linux-gnu --with-build-config=bootstrap-lto-lean --enable-link-serialization=2
Thread model: posix
Supported LTO compression algorithms: zlib zstd
gcc version 11.2.0 (Debian 11.2.0-13) 
COMPILER_PATH=/usr/lib/gcc/x86_64-linux-gnu/11/:/usr/lib/gcc/x86_64-linux-gnu/11/:/usr/lib/gcc/x86_64-linux-gnu/:/usr/lib/gcc/x86_64-linux-gnu/11/:/usr/lib/gcc/x86_64-linux-gnu/
LIBRARY_PATH=/usr/lib/gcc/x86_64-linux-gnu/11/:/usr/lib/gcc/x86_64-linux-gnu/11/../../../x86_64-linux-gnu/:/usr/lib/gcc/x86_64-linux-gnu/11/../../../../lib/:/lib/x86_64-linux-gnu/:/lib/../lib/:/usr/lib/x86_64-linux-gnu/:/usr/lib/../lib/:/usr/lib/gcc/x86_64-linux-gnu/11/../../../:/lib/:/usr/lib/
COLLECT_GCC_OPTIONS='-v' '-o' 'cmTC_37fa7' '-mtune=generic' '-march=x86-64' '-dumpdir' 'cmTC_37fa7.'
 /usr/lib/gcc/x86_64-linux-gnu/11/collect2 -plugin /usr/lib/gcc/x86_64-linux-gnu/11/liblto_plugin.so -plugin-opt=/usr/lib/gcc/x86_64-linux-gnu/11/lto-wrapper -plugin-opt=-fresolution=/tmp/ccqmnjDt.res -plugin-opt=-pass-through=-lgcc -plugin-opt=-pass-through=-lgcc_s -plugin-opt=-pass-through=-lc -plugin-opt=-pass-through=-lgcc -plugin-opt=-pass-through=-lgcc_s --build-id --eh-frame-hdr -m elf_x86_64 --hash-style=gnu --as-needed -dynamic-linker /lib64/ld-linux-x86-64.so.2 -pie -o cmTC_37fa7 /usr/lib/gcc/x86_64-linux-gnu/11/../../../x86_64-linux-gnu/Scrt1.o /usr/lib/gcc/x86_64-linux-gnu/11/../../../x86_64-linux-gnu/crti.o /usr/lib/gcc/x86_64-linux-gnu/11/crtbeginS.o -L/usr/lib/gcc/x86_64-linux-gnu/11 -L/usr/lib/gcc/x86_64-linux-gnu/11/../../../x86_64-linux-gnu -L/usr/lib/gcc/x86_64-linux-gnu/11/../../../../lib -L/lib/x86_64-linux-gnu -L/lib/../lib -L/usr/lib/x86_64-linux-gnu -L/usr/lib/../lib -L/usr/lib/gcc/x86_64-linux-gnu/11/../../.. CMakeFiles/cmTC_37fa7.dir/CMakeCCompilerABI.c.o -lgcc --push-state --as-needed -lgcc_s --pop-state -lc -lgcc --push-state --as-needed -lgcc_s --pop-state /usr/lib/gcc/x86_64-linux-gnu/11/crtendS.o /usr/lib/gcc/x86_64-linux-gnu/11/../../../x86_64-linux-gnu/crtn.o
COLLECT_GCC_OPTIONS='-v' '-o' 'cmTC_37fa7' '-mtune=generic' '-march=x86-64' '-dumpdir' 'cmTC_37fa7.'
gmake[1]: Leaving directory '/home/unroot/Desktop/opengl/build/CMakeFiles/CMakeTmp'



Parsed C implicit include dir info from above output: rv=done
  found start of include info
  found start of implicit include info
    add: [/usr/lib/gcc/x86_64-linux-gnu/11/include]
    add: [/usr/local/include]
    add: [/usr/include/x86_64-linux-gnu]
    add: [/usr/include]
  end of search list found
  collapse include dir [/usr/lib/gcc/x86_64-linux-gnu/11/include] ==> [/usr/lib/gcc/x86_64-linux-gnu/11/include]
  collapse include dir [/usr/local/include] ==> [/usr/local/include]
  collapse include dir [/usr/include/x86_64-linux-gnu] ==> [/usr/include/x86_64-linux-gnu]
  collapse include dir [/usr/include] ==> [/usr/include]
  implicit include dirs: [/usr/lib/gcc/x86_64-linux-gnu/11/include;/usr/local/include;/usr/include/x86_64-linux-gnu;/usr/include]


Parsed C implicit link information from above output:
  link line regex: [^( *|.*[/\])(ld|CMAKE_LINK_STARTFILE-NOTFOUND|([^/\]+-)?ld|collect2)[^/\]*( |$)]
  ignore line: [Change Dir: /home/unroot/Desktop/opengl/build/CMakeFiles/CMakeTmp]
  ignore line: []
  ignore line: [Run Build Command(s):/usr/bin/gmake cmTC_37fa7/fast && /usr/bin/gmake  -f CMakeFiles/cmTC_37fa7.dir/build.make CMakeFiles/cmTC_37fa7.dir/build]
  ignore line: [gmake[1]: Entering directory '/home/unroot/Desktop/opengl/build/CMakeFiles/CMakeTmp']
  ignore line: [Building C object CMakeFiles/cmTC_37fa7.dir/CMakeCCompilerABI.c.o]
  ignore line: [/usr/bin/cc   -v -o CMakeFiles/cmTC_37fa7.dir/CMakeCCompilerABI.c.o -c /usr/share/cmake-3.18/Modules/CMakeCCompilerABI.c]
  ignore line: [Using built-in specs.]
  ignore line: [COLLECT_GCC=/usr/bin/cc]
  ignore line: [OFFLOAD_TARGET_NAMES=nvptx-none:amdgcn-amdhsa]
  ignore line: [OFFLOAD_TARGET_DEFAULT=1]
  ignore line: [Target: x86_64-linux-gnu]
  ignore line: [Configured with: ../src/configure -v --with-pkgversion='Debian 11.2.0-13' --with-bugurl=file:///usr/share/doc/gcc-11/README.Bugs --enable-languages=c ada c++ go brig d fortran objc obj-c++ m2 --prefix=/usr --with-gcc-major-version-only --program-suffix=-11 --program-prefix=x86_64-linux-gnu- --enable-shared --enable-linker-build-id --libexecdir=/usr/lib --without-included-gettext --enable-threads=posix --libdir=/usr/lib --enable-nls --enable-bootstrap --enable-clocale=gnu --enable-libstdcxx-debug --enable-libstdcxx-time=yes --with-default-libstdcxx-abi=new --enable-gnu-unique-object --disable-vtable-verify --enable-plugin --enable-default-pie --with-system-zlib --enable-libphobos-checking=release --with-target-system-zlib=auto --enable-objc-gc=auto --enable-multiarch --disable-werror --enable-cet --with-arch-32=i686 --with-abi=m64 --with-multilib-list=m32 m64 mx32 --enable-multilib --with-tune=generic --enable-offload-targets=nvptx-none=/build/gcc-11-KdLYb3/gcc-11-11.2.0/debian/tmp-nvptx/usr amdgcn-amdhsa=/build/gcc-11-KdLYb3/gcc-11-11.2.0/debian/tmp-gcn/usr --without-cuda-driver --enable-checking=release --build=x86_64-linux-gnu --host=x86_64-linux-gnu --target=x86_64-linux-gnu --with-build-config=bootstrap-lto-lean --enable-link-serialization=2]
  ignore line: [Thread model: posix]
  ignore line: [Supported LTO compression algorithms: zlib zstd]
  ignore line: [gcc version 11.2.0 (Debian 11.2.0-13) ]
  ignore line: [COLLECT_GCC_OPTIONS='-v' '-o' 'CMakeFiles/cmTC_37fa7.dir/CMakeCCompilerABI.c.o' '-c' '-mtune=generic' '-march=x86-64' '-dumpdir' 'CMakeFiles/cmTC_37fa7.dir/']
  ignore line: [ /usr/lib/gcc/x86_64-linux-gnu/11/cc1 -quiet -v -imultiarch x86_64-linux-gnu /usr/share/cmake-3.18/Modules/CMakeCCompilerABI.c -quiet -dumpdir CMakeFiles/cmTC_37fa7.dir/ -dumpbase CMakeCCompilerABI.c.c -dumpbase-ext .c -mtune=generic -march=x86-64 -version -fasynchronous-unwind-tables -o /tmp/ccGWv6S1.s]
  ignore line: [GNU C17 (Debian 11.2.0-13) version 11.2.0 (x86_64-linux-gnu)]
  ignore line: [	compiled by GNU C version 11.2.0  GMP version 6.2.1  MPFR version 4.1.0  MPC version 1.2.1  isl version isl-0.24-GMP]
  ignore line: []
  ignore line: [GGC heuristics: --param ggc-min-expand=100 --param ggc-min-heapsize=131072]
  ignore line: [ignoring nonexistent directory "/usr/local/include/x86_64-linux-gnu"]
  ignore line: [ignoring nonexistent directory "/usr/lib/gcc/x86_64-linux-gnu/11/include-fixed"]
  ignore line: [ignoring nonexistent directory "/usr/lib/gcc/x86_64-linux-gnu/11/../../../../x86_64-linux-gnu/include"]
  ignore line: [#include "..." search starts here:]
  ignore line: [#include <...> search starts here:]
  ignore line: [ /usr/lib/gcc/x86_64-linux-gnu/11/include]
  ignore line: [ /usr/local/include]
  ignore line: [ /usr/include/x86_64-linux-gnu]
  ignore line: [ /usr/include]
  ignore line: [End of search list.]
  ignore line: [GNU C17 (Debian 11.2.0-13) version 11.2.0 (x86_64-linux-gnu)]
  ignore line: [	compiled by GNU C version 11.2.0  GMP version 6.2.1  MPFR version 4.1.0  MPC version 1.2.1  isl version isl-0.24-GMP]
  ignore line: []
  ignore line: [GGC heuristics: --param ggc-min-expand=100 --param ggc-min-heapsize=131072]
  ignore line: [Compiler executable checksum: 2077d52c115dc094ca7ad13a4c3eb044]
  ignore line: [COLLECT_GCC_OPTIONS='-v' '-o' 'CMakeFiles/cmTC_37fa7.dir/CMakeCCompilerABI.c.o' '-c' '-mtune=generic' '-march=x86-64' '-dumpdir' 'CMakeFiles/cmTC_37fa7.dir/']
  ignore line: [ as -v --64 -o CMakeFiles/cmTC_37fa7.dir/CMakeCCompilerABI.c.o /tmp/ccGWv6S1.s]
  ignore line: [GNU assembler version 2.37 (x86_64-linux-gnu) using BFD version (GNU Binutils for Debian) 2.37]
  ignore line: [COMPILER_PATH=/usr/lib/gcc/x86_64-linux-gnu/11/:/usr/lib/gcc/x86_64-linux-gnu/11/:/usr/lib/gcc/x86_64-linux-gnu/:/usr/lib/gcc/x86_64-linux-gnu/11/:/usr/lib/gcc/x86_64-linux-gnu/]
  ignore line: [LIBRARY_PATH=/usr/lib/gcc/x86_64-linux-gnu/11/:/usr/lib/gcc/x86_64-linux-gnu/11/../../../x86_64-linux-gnu/:/usr/lib/gcc/x86_64-linux-gnu/11/../../../../lib/:/lib/x86_64-linux-gnu/:/lib/../lib/:/usr/lib/x86_64-linux-gnu/:/usr/lib/../lib/:/usr/lib/gcc/x86_64-linux-gnu/11/../../../:/lib/:/usr/lib/]
  ignore line: [COLLECT_GCC_OPTIONS='-v' '-o' 'CMakeFiles/cmTC_37fa7.dir/CMakeCCompilerABI.c.o' '-c' '-mtune=generic' '-march=x86-64' '-dumpdir' 'CMakeFiles/cmTC_37fa7.dir/CMakeCCompilerABI.c.']
  ignore line: [Linking C executable cmTC_37fa7]
  ignore line: [/usr/bin/cmake -E cmake_link_script CMakeFiles/cmTC_37fa7.dir/link.txt --verbose=1]
  ignore line: [/usr/bin/cc  -v CMakeFiles/cmTC_37fa7.dir/CMakeCCompilerABI.c.o -o cmTC_37fa7 ]
  ignore line: [Using built-in specs.]
  ignore line: [COLLECT_GCC=/usr/bin/cc]
  ignore line: [COLLECT_LTO_WRAPPER=/usr/lib/gcc/x86_64-linux-gnu/11/lto-wrapper]
  ignore line: [OFFLOAD_TARGET_NAMES=nvptx-none:amdgcn-amdhsa]
  ignore line: [OFFLOAD_TARGET_DEFAULT=1]
  ignore line: [Target: x86_64-linux-gnu]
  ignore line: [Configured with: ../src/configure -v --with-pkgversion='Debian 11.2.0-13' --with-bugurl=file:///usr/share/doc/gcc-11/README.Bugs --enable-languages=c ada c++ go brig d fortran objc obj-c++ m2 --prefix=/usr --with-gcc-major-version-only --program-suffix=-11 --program-prefix=x86_64-linux-gnu- --enable-shared --enable-linker-build-id --libexecdir=/usr/lib --without-included-gettext --enable-threads=posix --libdir=/usr/lib --enable-nls --enable-bootstrap --enable-clocale=gnu --enable-libstdcxx-debug --enable-libstdcxx-time=yes --with-default-libstdcxx-abi=new --enable-gnu-unique-object --disable-vtable-verify --enable-plugin --enable-default-pie --with-system-zlib --enable-libphobos-checking=release --with-target-system-zlib=auto --enable-objc-gc=auto --enable-multiarch --disable-werror --enable-cet --with-arch-32=i686 --with-abi=m64 --with-multilib-list=m32 m64 mx32 --enable-multilib --with-tune=generic --enable-offload-targets=nvptx-none=/build/gcc-11-KdLYb3/gcc-11-11.2.0/debian/tmp-nvptx/usr amdgcn-amdhsa=/build/gcc-11-KdLYb3/gcc-11-11.2.0/debian/tmp-gcn/usr --without-cuda-driver --enable-checking=release --build=x86_64-linux-gnu --host=x86_64-linux-gnu --target=x86_64-linux-gnu --with-build-config=bootstrap-lto-lean --enable-link-serialization=2]
  ignore line: [Thread model: posix]
  ignore line: [Supported LTO compression algorithms: zlib zstd]
  ignore line: [gcc version 11.2.0 (Debian 11.2.0-13) ]
  ignore line: [COMPILER_PATH=/usr/lib/gcc/x86_64-linux-gnu/11/:/usr/lib/gcc/x86_64-linux-gnu/11/:/usr/lib/gcc/x86_64-linux-gnu/:/usr/lib/gcc/x86_64-linux-gnu/11/:/usr/lib/gcc/x86_64-linux-gnu/]
  ignore line: [LIBRARY_PATH=/usr/lib/gcc/x86_64-linux-gnu/11/:/usr/lib/gcc/x86_64-linux-gnu/11/../../../x86_64-linux-gnu/:/usr/lib/gcc/x86_64-linux-gnu/11/../../../../lib/:/lib/x86_64-linux-gnu/:/lib/../lib/:/usr/lib/x86_64-linux-gnu/:/usr/lib/../lib/:/usr/lib/gcc/x86_64-linux-gnu/11/../../../:/lib/:/usr/lib/]
  ignore line: [COLLECT_GCC_OPTIONS='-v' '-o' 'cmTC_37fa7' '-mtune=generic' '-march=x86-64' '-dumpdir' 'cmTC_37fa7.']
  link line: [ /usr/lib/gcc/x86_64-linux-gnu/11/collect2 -plugin /usr/lib/gcc/x86_64-linux-gnu/11/liblto_plugin.so -plugin-opt=/usr/lib/gcc/x86_64-linux-gnu/11/lto-wrapper -plugin-opt=-fresolution=/tmp/ccqmnjDt.res -plugin-opt=-pass-through=-lgcc -plugin-opt=-pass-through=-lgcc_s -plugin-opt=-pass-through=-lc -plugin-opt=-pass-through=-lgcc -plugin-opt=-pass-through=-lgcc_s --build-id --eh-frame-hdr -m elf_x86_64 --hash-style=gnu --as-needed -dynamic-linker /lib64/ld-linux-x86-64.so.2 -pie -o cmTC_37fa7 /usr/lib/gcc/x86_64-linux-gnu/11/../../../x86_64-linux-gnu/Scrt1.o /usr/lib/gcc/x86_64-linux-gnu/11/../../../x86_64-linux-gnu/crti.o /usr/lib/gcc/x86_64-linux-gnu/11/crtbeginS.o -L/usr/lib/gcc/x86_64-linux-gnu/11 -L/usr/lib/gcc/x86_64-linux-gnu/11/../../../x86_64-linux-gnu -L/usr/lib/gcc/x86_64-linux-gnu/11/../../../../lib -L/lib/x86_64-linux-gnu -L/lib/../lib -L/usr/lib/x86_64-linux-gnu -L/usr/lib/../lib -L/usr/lib/gcc/x86_64-linux-gnu/11/../../.. CMakeFiles/cmTC_37fa7.dir/CMakeCCompilerABI.c.o -lgcc --push-state --as-needed -lgcc_s --pop-state -lc -lgcc --push-state --as-needed -lgcc_s --pop-state /usr/lib/gcc/x86_64-linux-gnu/11/crtendS.o /usr/lib/gcc/x86_64-linux-gnu/11/../../../x86_64-linux-gnu/crtn.o]
    arg [/usr/lib/gcc/x86_64-linux-gnu/11/collect2] ==> ignore
    arg [-plugin] ==> ignore
    arg [/usr/lib/gcc/x86_64-linux-gnu/11/liblto_plugin.so] ==> ignore
    arg [-plugin-opt=/usr/lib/gcc/x86_64-linux-gnu/11/lto-wrapper] ==> ignore
    arg [-plugin-opt=-fresolution=/tmp/ccqmnjDt.res] ==> ignore
    arg [-plugin-opt=-pass-through=-lgcc] ==> ignore
    arg [-plugin-opt=-pass-through=-lgcc_s] ==> ignore
    arg [-plugin-opt=-pass-through=-lc] ==> ignore
    arg [-plugin-opt=-pass-through=-lgcc] ==> ignore
    arg [-plugin-opt=-pass-through=-lgcc_s] ==> ignore
    arg [--build-id] ==> ignore
    arg [--eh-frame-hdr] ==> ignore
    arg [-m] ==> ignore
    arg [elf_x86_64] ==> ignore
    arg [--hash-style=gnu] ==> ignore
    arg [--as-needed] ==> ignore
    arg [-dynamic-linker] ==> ignore
    arg [/lib64/ld-linux-x86-64.so.2] ==> ignore
    arg [-pie] ==> ignore
    arg [-o] ==> ignore
    arg [cmTC_37fa7] ==> ignore
    arg [/usr/lib/gcc/x86_64-linux-gnu/11/../../../x86_64-linux-gnu/Scrt1.o] ==> ignore
    arg [/usr/lib/gcc/x86_64-linux-gnu/11/../../../x86_64-linux-gnu/crti.o] ==> ignore
    arg [/usr/lib/gcc/x86_64-linux-gnu/11/crtbeginS.o] ==> ignore
    arg [-L/usr/lib/gcc/x86_64-linux-gnu/11] ==> dir [/usr/lib/gcc/x86_64-linux-gnu/11]
    arg [-L/usr/lib/gcc/x86_64-linux-gnu/11/../../../x86_64-linux-gnu] ==> dir [/usr/lib/gcc/x86_64-linux-gnu/11/../../../x86_64-linux-gnu]
    arg [-L/usr/lib/gcc/x86_64-linux-gnu/11/../../../../lib] ==> dir [/usr/lib/gcc/x86_64-linux-gnu/11/../../../../lib]
    arg [-L/lib/x86_64-linux-gnu] ==> dir [/lib/x86_64-linux-gnu]
    arg [-L/lib/../lib] ==> dir [/lib/../lib]
    arg [-L/usr/lib/x86_64-linux-gnu] ==> dir [/usr/lib/x86_64-linux-gnu]
    arg [-L/usr/lib/../lib] ==> dir [/usr/lib/../lib]
    arg [-L/usr/lib/gcc/x86_64-linux-gnu/11/../../..] ==> dir [/usr/lib/gcc/x86_64-linux-gnu/11/../../..]
    arg [CMakeFiles/cmTC_37fa7.dir/CMakeCCompilerABI.c.o] ==> ignore
    arg [-lgcc] ==> lib [gcc]
    arg [--push-state] ==> ignore
    arg [--as-needed] ==> ignore
    arg [-lgcc_s] ==> lib [gcc_s]
    arg [--pop-state] ==> ignore
    arg [-lc] ==> lib [c]
    arg [-lgcc] ==> lib [gcc]
    arg [--push-state] ==> ignore
    arg [--as-needed] ==> ignore
    arg [-lgcc_s] ==> lib [gcc_s]
    arg [--pop-state] ==> ignore
    arg [/usr/lib/gcc/x86_64-linux-gnu/11/crtendS.o] ==> ignore
    arg [/usr/lib/gcc/x86_64-linux-gnu/11/../../../x86_64-linux-gnu/crtn.o] ==> ignore
  collapse library dir [/usr/lib/gcc/x86_64-linux-gnu/11] ==> [/usr/lib/gcc/x86_64-linux-gnu/11]
  collapse library dir [/usr/lib/gcc/x86_64-linux-gnu/11/../../../x86_64-linux-gnu] ==> [/usr/lib/x86_64-linux-gnu]
  collapse library dir [/usr/lib/gcc/x86_64-linux-gnu/11/../../../../lib] ==> [/usr/lib]
  collapse library dir [/lib/x86_64-linux-gnu] ==> [/lib/x86_64-linux-gnu]
  collapse library dir [/lib/../lib] ==> [/lib]
  collapse library dir [/usr/lib/x86_64-linux-gnu] ==> [/usr/lib/x86_64-linux-gnu]
  collapse library dir [/usr/lib/../lib] ==> [/usr/lib]
  collapse library dir [/usr/lib/gcc/x86_64-linux-gnu/11/../../..] ==> [/usr/lib]
  implicit libs: [gcc;gcc_s;c;gcc;gcc_s]
  implicit dirs: [/usr/lib/gcc/x86_64-linux-gnu/11;/usr/lib/x86_64-linux-gnu;/usr/lib;/lib/x86_64-linux-gnu;/lib]
  implicit fwks: []


Detecting CXX compiler ABI info compiled with the following output:
Change Dir: /home/unroot/Desktop/opengl/build/CMakeFiles/CMakeTmp

Run Build Command(s):/usr/bin/gmake cmTC_b2fda/fast && /usr/bin/gmake  -f CMakeFiles/cmTC_b2fda.dir/build.make CMakeFiles/cmTC_b2fda.dir/build
gmake[1]: Entering directory '/home/unroot/Desktop/opengl/build/CMakeFiles/CMakeTmp'
Building CXX object CMakeFiles/cmTC_b2fda.dir/CMakeCXXCompilerABI.cpp.o
/usr/bin/c++   -v -o CMakeFiles/cmTC_b2fda.dir/CMakeCXXCompilerABI.cpp.o -c /usr/share/cmake-3.18/Modules/CMakeCXXCompilerABI.cpp
Using built-in specs.
COLLECT_GCC=/usr/bin/c++
OFFLOAD_TARGET_NAMES=nvptx-none:amdgcn-amdhsa
OFFLOAD_TARGET_DEFAULT=1
Target: x86_64-linux-gnu
Configured with: ../src/configure -v --with-pkgversion='Debian 11.2.0-13' --with-bugurl=file:///usr/share/doc/gcc-11/README.Bugs --enable-languages=c,ada,c++,go,brig,d,fortran,objc,obj-c++,m2 --prefix=/usr --with-gcc-major-version-only --program-suffix=-11 --program-prefix=x86_64-linux-gnu- --enable-shared --enable-linker-build-id --libexecdir=/usr/lib --without-included-gettext --enable-threads=posix --libdir=/usr/lib --enable-nls --enable-bootstrap --enable-clocale=gnu --enable-libstdcxx-debug --enable-libstdcxx-time=yes --with-default-libstdcxx-abi=new --enable-gnu-unique-object --disable-vtable-verify --enable-plugin --enable-default-pie --with-system-zlib --enable-libphobos-checking=release --with-target-system-zlib=auto --enable-objc-gc=auto --enable-multiarch --disable-werror --enable-cet --with-arch-32=i686 --with-abi=m64 --with-multilib-list=m32,m64,mx32 --enable-multilib --with-tune=generic --enable-offload-targets=nvptx-none=/build/gcc-11-KdLYb3/gcc-11-11.2.0/debian/tmp-nvptx/usr,amdgcn-amdhsa=/build/gcc-11-KdLYb3/gcc-11-11.2.0/debian/tmp-gcn/usr --without-cuda-driver --enable-checking=release --build=x86_64-linux-gnu --host=x86_64-linux-gnu --target=x86_64-linux-gnu --with-build-config=bootstrap-lto-lean --enable-link-serialization=2
Thread model: posix
Supported LTO compression algorithms: zlib zstd
gcc version 11.2.0 (Debian 11.2.0-13) 
COLLECT_GCC_OPTIONS='-v' '-o' 'CMakeFiles/cmTC_b2fda.dir/CMakeCXXCompilerABI.cpp.o' '-c' '-shared-libgcc' '-mtune=generic' '-march=x86-64' '-dumpdir' 'CMakeFiles/cmTC_b2fda.dir/'
 /usr/lib/gcc/x86_64-linux-gnu/11/cc1plus -quiet -v -imultiarch x86_64-linux-gnu -D_GNU_SOURCE /usr/share/cmake-3.18/Modules/CMakeCXXCompilerABI.cpp -quiet -dumpdir CMakeFiles/cmTC_b2fda.dir/ -dumpbase CMakeCXXCompilerABI.cpp.cpp -dumpbase-ext .cpp -mtune=generic -march=x86-64 -version -fasynchronous-unwind-tables -o /tmp/cc1KEmY9.s
GNU C++17 (Debian 11.2.0-13) version 11.2.0 (x86_64-linux-gnu)
	compiled by GNU C version 11.2.0, GMP version 6.2.1, MPFR version 4.1.0, MPC version 1.2.1, isl version isl-0.24-GMP

GGC heuristics: --param ggc-min-expand=100 --param ggc-min-heapsize=131072
ignoring duplicate directory "/usr/include/x86_64-linux-gnu/c++/11"
ignoring nonexistent directory "/usr/local/include/x86_64-linux-gnu"
ignoring nonexistent directory "/usr/lib/gcc/x86_64-linux-gnu/11/include-fixed"
ignoring nonexistent directory "/usr/lib/gcc/x86_64-linux-gnu/11/../../../../x86_64-linux-gnu/include"
#include "..." search starts here:
#include <...> search starts here:
 /usr/include/c++/11
 /usr/include/x86_64-linux-gnu/c++/11
 /usr/include/c++/11/backward
 /usr/lib/gcc/x86_64-linux-gnu/11/include
 /usr/local/include
 /usr/include/x86_64-linux-gnu
 /usr/include
End of search list.
GNU C++17 (Debian 11.2.0-13) version 11.2.0 (x86_64-linux-gnu)
	compiled by GNU C version 11.2.0, GMP version 6.2.1, MPFR version 4.1.0, MPC version 1.2.1, isl version isl-0.24-GMP

GGC heuristics: --param ggc-min-expand=100 --param ggc-min-heapsize=131072
Compiler executable checksum: b3a166a80bc21627c7578096ae3d204e
COLLECT_GCC_OPTIONS='-v' '-o' 'CMakeFiles/cmTC_b2fda.dir/CMakeCXXCompilerABI.cpp.o' '-c' '-shared-libgcc' '-mtune=generic' '-march=x86-64' '-dumpdir' 'CMakeFiles/cmTC_b2fda.dir/'
 as -v --64 -o CMakeFiles/cmTC_b2fda.dir/CMakeCXXCompilerABI.cpp.o /tmp/cc1KEmY9.s
GNU assembler version 2.37 (x86_64-linux-gnu) using BFD version (GNU Binutils for Debian) 2.37
COMPILER_PATH=/usr/lib/gcc/x86_64-linux-gnu/11/:/usr/lib/gcc/x86_64-linux-gnu/11/:/usr/lib/gcc/x86_64-linux-gnu/:/usr/lib/gcc/x86_64-linux-gnu/11/:/usr/lib/gcc/x86_64-linux-gnu/
LIBRARY_PATH=/usr/lib/gcc/x86_64-linux-gnu/11/:/usr/lib/gcc/x86_64-linux-gnu/11/../../../x86_64-linux-gnu/:/usr/lib/gcc/x86_64-linux-gnu/11/../../../../lib/:/lib/x86_64-linux-gnu/:/lib/../lib/:/usr/lib/x86_64-linux-gnu/:/usr/lib/../lib/:/usr/lib/gcc/x86_64-linux-gnu/11/../../../:/lib/:/usr/lib/
COLLECT_GCC_OPTIONS='-v' '-o' 'CMakeFiles/cmTC_b2fda.dir/CMakeCXXCompilerABI.cpp.o' '-c' '-shared-libgcc' '-mtune=generic' '-march=x86-64' '-dumpdir' 'CMakeFiles/cmTC_b2fda.dir/CMakeCXXCompilerABI.cpp.'
Linking CXX executable cmTC_b2fda
/usr/bin/cmake -E cmake_link_script CMakeFiles/cmTC_b2fda.dir/link.txt --verbose=1
/usr/bin/c++  -v CMakeFiles/cmTC_b2fda.dir/CMakeCXXCompilerABI.cpp.o -o cmTC_b2fda 
Using built-in specs.
COLLECT_GCC=/usr/bin/c++
COLLECT_LTO_WRAPPER=/usr/lib/gcc/x86_64-linux-gnu/11/lto-wrapper
OFFLOAD_TARGET_NAMES=nvptx-none:amdgcn-amdhsa
OFFLOAD_TARGET_DEFAULT=1
Target: x86_64-linux-gnu
Configured with: ../src/configure -v --with-pkgversion='Debian 11.2.0-13' --with-bugurl=file:///usr/share/doc/gcc-11/README.Bugs --enable-languages=c,ada,c++,go,brig,d,fortran,objc,obj-c++,m2 --prefix=/usr --with-gcc-major-version-only --program-suffix=-11 --program-prefix=x86_64-linux-gnu- --enable-shared --enable-linker-build-id --libexecdir=/usr/lib --without-included-gettext --enable-threads=posix --libdir=/usr/lib --enable-nls --enable-bootstrap --enable-clocale=gnu --enable-libstdcxx-debug --enable-libstdcxx-time=yes --with-default-libstdcxx-abi=new --enable-gnu-unique-object --disable-vtable-verify --enable-plugin --enable-default-pie --with-system-zlib --enable-libphobos-checking=release --with-target-system-zlib=auto --enable-objc-gc=auto --enable-multiarch --disable-werror --enable-cet --with-arch-32=i686 --with-abi=m64 --with-multilib-list=m32,m64,mx32 --enable-multilib --with-tune=generic --enable-offload-targets=nvptx-none=/build/gcc-11-KdLYb3/gcc-11-11.2.0/debian/tmp-nvptx/usr,amdgcn-amdhsa=/build/gcc-11-KdLYb3/gcc-11-11.2.0/debian/tmp-gcn/usr --without-cuda-driver --enable-checking=release --build=x86_64-linux-gnu --host=x86_64-linux-gnu --target=x86_64-linux-gnu --with-build-config=bootstrap-lto-lean --enable-link-serialization=2
Thread model: posix
Supported LTO compression algorithms: zlib zstd
gcc version 11.2.0 (Debian 11.2.0-13) 
COMPILER_PATH=/usr/lib/gcc/x86_64-linux-gnu/11/:/usr/lib/gcc/x86_64-linux-gnu/11/:/usr/lib/gcc/x86_64-linux-gnu/:/usr/lib/gcc/x86_64-linux-gnu/11/:/usr/lib/gcc/x86_64-linux-gnu/
LIBRARY_PATH=/usr/lib/gcc/x86_64-linux-gnu/11/:/usr/lib/gcc/x86_64-linux-gnu/11/../../../x86_64-linux-gnu/:/usr/lib/gcc/x86_64-linux-gnu/11/../../../../lib/:/lib/x86_64-linux-gnu/:/lib/../lib/:/usr/lib/x86_64-linux-gnu/:/usr/lib/../lib/:/usr/lib/gcc/x86_64-linux-gnu/11/../../../:/lib/:/usr/lib/
COLLECT_GCC_OPTIONS='-v' '-o' 'cmTC_b2fda' '-shared-libgcc' '-mtune=generic' '-march=x86-64' '-dumpdir' 'cmTC_b2fda.'
 /usr/lib/gcc/x86_64-linux-gnu/11/collect2 -plugin /usr/lib/gcc/x86_64-linux-gnu/11/liblto_plugin.so -plugin-opt=/usr/lib/gcc/x86_64-linux-gnu/11/lto-wrapper -plugin-opt=-fresolution=/tmp/ccCkNuL4.res -plugin-opt=-pass-through=-lgcc_s -plugin-opt=-pass-through=-lgcc -plugin-opt=-pass-through=-lc -plugin-opt=-pass-through=-lgcc_s -plugin-opt=-pass-through=-lgcc --build-id --eh-frame-hdr -m elf_x86_64 --hash-style=gnu --as-needed -dynamic-linker /lib64/ld-linux-x86-64.so.2 -pie -o cmTC_b2fda /usr/lib/gcc/x86_64-linux-gnu/11/../../../x86_64-linux-gnu/Scrt1.o /usr/lib/gcc/x86_64-linux-gnu/11/../../../x86_64-linux-gnu/crti.o /usr/lib/gcc/x86_64-linux-gnu/11/crtbeginS.o -L/usr/lib/gcc/x86_64-linux-gnu/11 -L/usr/lib/gcc/x86_64-linux-gnu/11/../../../x86_64-linux-gnu -L/usr/lib/gcc/x86_64-linux-gnu/11/../../../../lib -L/lib/x86_64-linux-gnu -L/lib/../lib -L/usr/lib/x86_64-linux-gnu -L/usr/lib/../lib -L/usr/lib/gcc/x86_64-linux-gnu/11/../../.. CMakeFiles/cmTC_b2fda.dir/CMakeCXXCompilerABI.cpp.o -lstdc++ -lm -lgcc_s -lgcc -lc -lgcc_s -lgcc /usr/lib/gcc/x86_64-linux-gnu/11/crtendS.o /usr/lib/gcc/x86_64-linux-gnu/11/../../../x86_64-linux-gnu/crtn.o
COLLECT_GCC_OPTIONS='-v' '-o' 'cmTC_b2fda' '-shared-libgcc' '-mtune=generic' '-march=x86-64' '-dumpdir' 'cmTC_b2fda.'
gmake[1]: Leaving directory '/home/unroot/Desktop/opengl/build/CMakeFiles/CMakeTmp'



Parsed CXX implicit include dir info from above output: rv=done
  found start of include info
  found start of implicit include info
    add: [/usr/include/c++/11]
    add: [/usr/include/x86_64-linux-gnu/c++/11]
    add: [/usr/include/c++/11/backward]
    add: [/usr/lib/gcc/x86_64-linux-gnu/11/include]
    add: [/usr/local/include]
    add: [/usr/include/x86_64-linux-gnu]
    add: [/usr/include]
  end of search list found
  collapse include dir [/usr/include/c++/11] ==> [/usr/include/c++/11]
  collapse include dir [/usr/include/x86_64-linux-gnu/c++/11] ==> [/usr/include/x86_64-linux-gnu/c++/11]
  collapse include dir [/usr/include/c++/11/backward] ==> [/usr/include/c++/11/backward]
  collapse include dir [/usr/lib/gcc/x86_64-linux-gnu/11/include] ==> [/usr/lib/gcc/x86_64-linux-gnu/11/include]
  collapse include dir [/usr/local/include] ==> [/usr/local/include]
  collapse include dir [/usr/include/x86_64-linux-gnu] ==> [/usr/include/x86_64-linux-gnu]
  collapse include dir [/usr/include] ==> [/usr/include]
  implicit include dirs: [/usr/include/c++/11;/usr/include/x86_64-linux-gnu/c++/11;/usr/include/c++/11/backward;/usr/lib/gcc/x86_64-linux-gnu/11/include;/usr/local/include;/usr/include/x86_64-linux-gnu;/usr/include]


Parsed CXX implicit link information from above output:
  link line regex: [^( *|.*[/\])(ld|CMAKE_LINK_STARTFILE-NOTFOUND|([^/\]+-)?ld|collect2)[^/\]*( |$)]
  ignore line: [Change Dir: /home/unroot/Desktop/opengl/build/CMakeFiles/CMakeTmp]
  ignore line: []
  ignore line: [Run Build Command(s):/usr/bin/gmake cmTC_b2fda/fast && /usr/bin/gmake  -f CMakeFiles/cmTC_b2fda.dir/build.make CMakeFiles/cmTC_b2fda.dir/build]
  ignore line: [gmake[1]: Entering directory '/home/unroot/Desktop/opengl/build/CMakeFiles/CMakeTmp']
  ignore line: [Building CXX object CMakeFiles/cmTC_b2fda.dir/CMakeCXXCompilerABI.cpp.o]
  ignore line: [/usr/bin/c++   -v -o CMakeFiles/cmTC_b2fda.dir/CMakeCXXCompilerABI.cpp.o -c /usr/share/cmake-3.18/Modules/CMakeCXXCompilerABI.cpp]
  ignore line: [Using built-in specs.]
  ignore line: [COLLECT_GCC=/usr/bin/c++]
  ignore line: [OFFLOAD_TARGET_NAMES=nvptx-none:amdgcn-amdhsa]
  ignore line: [OFFLOAD_TARGET_DEFAULT=1]
  ignore line: [Target: x86_64-linux-gnu]
  ignore line: [Configured with: ../src/configure -v --with-pkgversion='Debian 11.2.0-13' --with-bugurl=file:///usr/share/doc/gcc-11/README.Bugs --enable-languages=c ada c++ go brig d fortran objc obj-c++ m2 --prefix=/usr --with-gcc-major-version-only --program-suffix=-11 --program-prefix=x86_64-linux-gnu- --enable-shared --enable-linker-build-id --libexecdir=/usr/lib --without-included-gettext --enable-threads=posix --libdir=/usr/lib --enable-nls --enable-bootstrap --enable-clocale=gnu --enable-libstdcxx-debug --enable-libstdcxx-time=yes --with-default-libstdcxx-abi=new --enable-gnu-unique-object --disable-vtable-verify --enable-plugin --enable-default-pie --with-system-zlib --enable-libphobos-checking=release --with-target-system-zlib=auto --enable-objc-gc=auto --enable-multiarch --disable-werror --enable-cet --with-arch-32=i686 --with-abi=m64 --with-multilib-list=m32 m64 mx32 --enable-multilib --with-tune=generic --enable-offload-targets=nvptx-none=/build/gcc-11-KdLYb3/gcc-11-11.2.0/debian/tmp-nvptx/usr amdgcn-amdhsa=/build/gcc-11-KdLYb3/gcc-11-11.2.0/debian/tmp-gcn/usr --without-cuda-driver --enable-checking=release --build=x86_64-linux-gnu --host=x86_64-linux-gnu --target=x86_64-linux-gnu --with-build-config=bootstrap-lto-lean --enable-link-serialization=2]
  ignore line: [Thread model: posix]
  ignore line: [Supported LTO compression algorithms: zlib zstd]
  ignore line: [gcc version 11.2.0 (Debian 11.2.0-13) ]
  ignore line: [COLLECT_GCC_OPTIONS='-v' '-o' 'CMakeFiles/cmTC_b2fda.dir/CMakeCXXCompilerABI.cpp.o' '-c' '-shared-libgcc' '-mtune=generic' '-march=x86-64' '-dumpdir' 'CMakeFiles/cmTC_b2fda.dir/']
  ignore line: [ /usr/lib/gcc/x86_64-linux-gnu/11/cc1plus -quiet -v -imultiarch x86_64-linux-gnu -D_GNU_SOURCE /usr/share/cmake-3.18/Modules/CMakeCXXCompilerABI.cpp -quiet -dumpdir CMakeFiles/cmTC_b2fda.dir/ -dumpbase CMakeCXXCompilerABI.cpp.cpp -dumpbase-ext .cpp -mtune=generic -march=x86-64 -version -fasynchronous-unwind-tables -o /tmp/cc1KEmY9.s]
  ignore line: [GNU C++17 (Debian 11.2.0-13) version 11.2.0 (x86_64-linux-gnu)]
  ignore line: [	compiled by GNU C version 11.2.0  GMP version 6.2.1  MPFR version 4.1.0  MPC version 1.2.1  isl version isl-0.24-GMP]
  ignore line: []
  ignore line: [GGC heuristics: --param ggc-min-expand=100 --param ggc-min-heapsize=131072]
  ignore line: [ignoring duplicate directory "/usr/include/x86_64-linux-gnu/c++/11"]
  ignore line: [ignoring nonexistent directory "/usr/local/include/x86_64-linux-gnu"]
  ignore line: [ignoring nonexistent directory "/usr/lib/gcc/x86_64-linux-gnu/11/include-fixed"]
  ignore line: [ignoring nonexistent directory "/usr/lib/gcc/x86_64-linux-gnu/11/../../../../x86_64-linux-gnu/include"]
  ignore line: [#include "..." search starts here:]
  ignore line: [#include <...> search starts here:]
  ignore line: [ /usr/include/c++/11]
  ignore line: [ /usr/include/x86_64-linux-gnu/c++/11]
  ignore line: [ /usr/include/c++/11/backward]
  ignore line: [ /usr/lib/gcc/x86_64-linux-gnu/11/include]
  ignore line: [ /usr/local/include]
  ignore line: [ /usr/include/x86_64-linux-gnu]
  ignore line: [ /usr/include]
  ignore line: [End of search list.]
  ignore line: [GNU C++17 (Debian 11.2.0-13) version 11.2.0 (x86_64-linux-gnu)]
  ignore line: [	compiled by GNU C version 11.2.0  GMP version 6.2.1  MPFR version 4.1.0  MPC version 1.2.1  isl version isl-0.24-GMP]
  ignore line: []
  ignore line: [GGC heuristics: --param ggc-min-expand=100 --param ggc-min-heapsize=131072]
  ignore line: [Compiler executable checksum: b3a166a80bc21627c7578096ae3d204e]
  ignore line: [COLLECT_GCC_OPTIONS='-v' '-o' 'CMakeFiles/cmTC_b2fda.dir/CMakeCXXCompilerABI.cpp.o' '-c' '-shared-libgcc' '-mtune=generic' '-march=x86-64' '-dumpdir' 'CMakeFiles/cmTC_b2fda.dir/']
  ignore line: [ as -v --64 -o CMakeFiles/cmTC_b2fda.dir/CMakeCXXCompilerABI.cpp.o /tmp/cc1KEmY9.s]
  ignore line: [GNU assembler version 2.37 (x86_64-linux-gnu) using BFD version (GNU Binutils for Debian) 2.37]
  ignore line: [COMPILER_PATH=/usr/lib/gcc/x86_64-linux-gnu/11/:/usr/lib/gcc/x86_64-linux-gnu/11/:/usr/lib/gcc/x86_64-linux-gnu/:/usr/lib/gcc/x86_64-linux-gnu/11/:/usr/lib/gcc/x86_64-linux-gnu/]
  ignore line: [LIBRARY_PATH=/usr/lib/gcc/x86_64-linux-gnu/11/:/usr/lib/gcc/x86_64-linux-gnu/11/../../../x86_64-linux-gnu/:/usr/lib/gcc/x86_64-linux-gnu/11/../../../../lib/:/lib/x86_64-linux-gnu/:/lib/../lib/:/usr/lib/x86_64-linux-gnu/:/usr/lib/../lib/:/usr/lib/gcc/x86_64-linux-gnu/11/../../../:/lib/:/usr/lib/]
  ignore line: [COLLECT_GCC_OPTIONS='-v' '-o' 'CMakeFiles/cmTC_b2fda.dir/CMakeCXXCompilerABI.cpp.o' '-c' '-shared-libgcc' '-mtune=generic' '-march=x86-64' '-dumpdir' 'CMakeFiles/cmTC_b2fda.dir/CMakeCXXCompilerABI.cpp.']
  ignore line: [Linking CXX executable cmTC_b2fda]
  ignore line: [/usr/bin/cmake -E cmake_link_script CMakeFiles/cmTC_b2fda.dir/link.txt --verbose=1]
  ignore line: [/usr/bin/c++  -v CMakeFiles/cmTC_b2fda.dir/CMakeCXXCompilerABI.cpp.o -o cmTC_b2fda ]
  ignore line: [Using built-in specs.]
  ignore line: [COLLECT_GCC=/usr/bin/c++]
  ignore line: [COLLECT_LTO_WRAPPER=/usr/lib/gcc/x86_64-linux-gnu/11/lto-wrapper]
  ignore line: [OFFLOAD_TARGET_NAMES=nvptx-none:amdgcn-amdhsa]
  ignore line: [OFFLOAD_TARGET_DEFAULT=1]
  ignore line: [Target: x86_64-linux-gnu]
  ignore line: [Configured with: ../src/configure -v --with-pkgversion='Debian 11.2.0-13' --with-bugurl=file:///usr/share/doc/gcc-11/README.Bugs --enable-languages=c ada c++ go brig d fortran objc obj-c++ m2 --prefix=/usr --with-gcc-major-version-only --program-suffix=-11 --program-prefix=x86_64-linux-gnu- --enable-shared --enable-linker-build-id --libexecdir=/usr/lib --without-included-gettext --enable-threads=posix --libdir=/usr/lib --enable-nls --enable-bootstrap --enable-clocale=gnu --enable-libstdcxx-debug --enable-libstdcxx-time=yes --with-default-libstdcxx-abi=new --enable-gnu-unique-object --disable-vtable-verify --enable-plugin --enable-default-pie --with-system-zlib --enable-libphobos-checking=release --with-target-system-zlib=auto --enable-objc-gc=auto --enable-multiarch --disable-werror --enable-cet --with-arch-32=i686 --with-abi=m64 --with-multilib-list=m32 m64 mx32 --enable-multilib --with-tune=generic --enable-offload-targets=nvptx-none=/build/gcc-11-KdLYb3/gcc-11-11.2.0/debian/tmp-nvptx/usr amdgcn-amdhsa=/build/gcc-11-KdLYb3/gcc-11-11.2.0/debian/tmp-gcn/usr --without-cuda-driver --enable-checking=release --build=x86_64-linux-gnu --host=x86_64-linux-gnu --target=x86_64-linux-gnu --with-build-config=bootstrap-lto-lean --enable-link-serialization=2]
  ignore line: [Thread model: posix]
  ignore line: [Supported LTO compression algorithms: zlib zstd]
  ignore line: [gcc version 11.2.0 (Debian 11.2.0-13) ]
  ignore line: [COMPILER_PATH=/usr/lib/gcc/x86_64-linux-gnu/11/:/usr/lib/gcc/x86_64-linux-gnu/11/:/usr/lib/gcc/x86_64-linux-gnu/:/usr/lib/gcc/x86_64-linux-gnu/11/:/usr/lib/gcc/x86_64-linux-gnu/]
  ignore line: [LIBRARY_PATH=/usr/lib/gcc/x86_64-linux-gnu/11/:/usr/lib/gcc/x86_64-linux-gnu/11/../../../x86_64-linux-gnu/:/usr/lib/gcc/x86_64-linux-gnu/11/../../../../lib/:/lib/x86_64-linux-gnu/:/lib/../lib/:/usr/lib/x86_64-linux-gnu/:/usr/lib/../lib/:/usr/lib/gcc/x86_64-linux-gnu/11/../../../:/lib/:/usr/lib/]
  ignore line: [COLLECT_GCC_OPTIONS='-v' '-o' 'cmTC_b2fda' '-shared-libgcc' '-mtune=generic' '-march=x86-64' '-dumpdir' 'cmTC_b2fda.']
  link line: [ /usr/lib/gcc/x86_64-linux-gnu/11/collect2 -plugin /usr/lib/gcc/x86_64-linux-gnu/11/liblto_plugin.so -plugin-opt=/usr/lib/gcc/x86_64-linux-gnu/11/lto-wrapper -plugin-opt=-fresolution=/tmp/ccCkNuL4.res -plugin-opt=-pass-through=-lgcc_s -plugin-opt=-pass-through=-lgcc -plugin-opt=-pass-through=-lc -plugin-opt=-pass-through=-lgcc_s -plugin-opt=-pass-through=-lgcc --build-id --eh-frame-hdr -m elf_x86_64 --hash-style=gnu --as-needed -dynamic-linker /lib64/ld-linux-x86-64.so.2 -pie -o cmTC_b2fda /usr/lib/gcc/x86_64-linux-gnu/11/../../../x86_64-linux-gnu/Scrt1.o /usr/lib/gcc/x86_64-linux-gnu/11/../../../x86_64-linux-gnu/crti.o /usr/lib/gcc/x86_64-linux-gnu/11/crtbeginS.o -L/usr/lib/gcc/x86_64-linux-gnu/11 -L/usr/lib/gcc/x86_64-linux-gnu/11/../../../x86_64-linux-gnu -L/usr/lib/gcc/x86_64-linux-gnu/11/../../../../lib -L/lib/x86_64-linux-gnu -L/lib/../lib -L/usr/lib/x86_64-linux-gnu -L/usr/lib/../lib -L/usr/lib/gcc/x86_64-linux-gnu/11/../../.. CMakeFiles/cmTC_b2fda.dir/CMakeCXXCompilerABI.cpp.o -lstdc++ -lm -lgcc_s -lgcc -lc -lgcc_s -lgcc /usr/lib/gcc/x86_64-linux-gnu/11/crtendS.o /usr/lib/gcc/x86_64-linux-gnu/11/../../../x86_64-linux-gnu/crtn.o]
    arg [/usr/lib/gcc/x86_64-linux-gnu/11/collect2] ==> ignore
    arg [-plugin] ==> ignore
    arg [/usr/lib/gcc/x86_64-linux-gnu/11/liblto_plugin.so] ==> ignore
    arg [-plugin-opt=/usr/lib/gcc/x86_64-linux-gnu/11/lto-wrapper] ==> ignore
    arg [-plugin-opt=-fresolution=/tmp/ccCkNuL4.res] ==> ignore
    arg [-plugin-opt=-pass-through=-lgcc_s] ==> ignore
    arg [-plugin-opt=-pass-through=-lgcc] ==> ignore
    arg [-plugin-opt=-pass-through=-lc] ==> ignore
    arg [-plugin-opt=-pass-through=-lgcc_s] ==> ignore
    arg [-plugin-opt=-pass-through=-lgcc] ==> ignore
    arg [--build-id] ==> ignore
    arg [--eh-frame-hdr] ==> ignore
    arg [-m] ==> ignore
    arg [elf_x86_64] ==> ignore
    arg [--hash-style=gnu] ==> ignore
    arg [--as-needed] ==> ignore
    arg [-dynamic-linker] ==> ignore
    arg [/lib64/ld-linux-x86-64.so.2] ==> ignore
    arg [-pie] ==> ignore
    arg [-o] ==> ignore
    arg [cmTC_b2fda] ==> ignore
    arg [/usr/lib/gcc/x86_64-linux-gnu/11/../../../x86_64-linux-gnu/Scrt1.o] ==> ignore
    arg [/usr/lib/gcc/x86_64-linux-gnu/11/../../../x86_64-linux-gnu/crti.o] ==> ignore
    arg [/usr/lib/gcc/x86_64-linux-gnu/11/crtbeginS.o] ==> ignore
    arg [-L/usr/lib/gcc/x86_64-linux-gnu/11] ==> dir [/usr/lib/gcc/x86_64-linux-gnu/11]
    arg [-L/usr/lib/gcc/x86_64-linux-gnu/11/../../../x86_64-linux-gnu] ==> dir [/usr/lib/gcc/x86_64-linux-gnu/11/../../../x86_64-linux-gnu]
    arg [-L/usr/lib/gcc/x86_64-linux-gnu/11/../../../../lib] ==> dir [/usr/lib/gcc/x86_64-linux-gnu/11/../../../../lib]
    arg [-L/lib/x86_64-linux-gnu] ==> dir [/lib/x86_64-linux-gnu]
    arg [-L/lib/../lib] ==> dir [/lib/../lib]
    arg [-L/usr/lib/x86_64-linux-gnu] ==> dir [/usr/lib/x86_64-linux-gnu]
    arg [-L/usr/lib/../lib] ==> dir [/usr/lib/../lib]
    arg [-L/usr/lib/gcc/x86_64-linux-gnu/11/../../..] ==> dir [/usr/lib/gcc/x86_64-linux-gnu/11/../../..]
    arg [CMakeFiles/cmTC_b2fda.dir/CMakeCXXCompilerABI.cpp.o] ==> ignore
    arg [-lstdc++] ==> lib [stdc++]
    arg [-lm] ==> lib [m]
    arg [-lgcc_s] ==> lib [gcc_s]
    arg [-lgcc] ==> lib [gcc]
    arg [-lc] ==> lib [c]
    arg [-lgcc_s] ==> lib [gcc_s]
    arg [-lgcc] ==> lib [gcc]
    arg [/usr/lib/gcc/x86_64-linux-gnu/11/crtendS.o] ==> ignore
    arg [/usr/lib/gcc/x86_64-linux-gnu/11/../../../x86_64-linux-gnu/crtn.o] ==> ignore
  collapse library dir [/usr/lib/gcc/x86_64-linux-gnu/11] ==> [/usr/lib/gcc/x86_64-linux-gnu/11]
  collapse library dir [/usr/lib/gcc/x86_64-linux-gnu/11/../../../x86_64-linux-gnu] ==> [/usr/lib/x86_64-linux-gnu]
  collapse library dir [/usr/lib/gcc/x86_64-linux-gnu/11/../../../../lib] ==> [/usr/lib]
  collapse library dir [/lib/x86_64-linux-gnu] ==> [/lib/x86_64-linux-gnu]
  collapse library dir [/lib/../lib] ==> [/lib]
  collapse library dir [/usr/lib/x86_64-linux-gnu] ==> [/usr/lib/x86_64-linux-gnu]
  collapse library dir [/usr/lib/../lib] ==> [/usr/lib]
  collapse library dir [/usr/lib/gcc/x86_64-linux-gnu/11/../../..] ==> [/usr/lib]
  implicit libs: [stdc++;m;gcc_s;gcc;c;gcc_s;gcc]
  implicit dirs: [/usr/lib/gcc/x86_64-linux-gnu/11;/usr/lib/x86_64-linux-gnu;/usr/lib;/lib/x86_64-linux-gnu;/lib]
  implicit fwks: []


Determining if the include file pthread.h exists passed with the following output:
Change Dir: /home/unroot/Desktop/opengl/build/CMakeFiles/CMakeTmp

Run Build Command(s):/usr/bin/gmake cmTC_6a635/fast && /usr/bin/gmake  -f CMakeFiles/cmTC_6a635.dir/build.make CMakeFiles/cmTC_6a635.dir/build
gmake[1]: Entering directory '/home/unroot/Desktop/opengl/build/CMakeFiles/CMakeTmp'
Building C object CMakeFiles/cmTC_6a635.dir/CheckIncludeFile.c.o
/usr/bin/cc    -o CMakeFiles/cmTC_6a635.dir/CheckIncludeFile.c.o -c /home/unroot/Desktop/opengl/build/CMakeFiles/CMakeTmp/CheckIncludeFile.c
Linking C executable cmTC_6a635
/usr/bin/cmake -E cmake_link_script CMakeFiles/cmTC_6a635.dir/link.txt --verbose=1
/usr/bin/cc CMakeFiles/cmTC_6a635.dir/CheckIncludeFile.c.o -o cmTC_6a635 
gmake[1]: Leaving directory '/home/unroot/Desktop/opengl/build/CMakeFiles/CMakeTmp'



Determining if the function pthread_create exists in the pthread passed with the following output:
Change Dir: /home/unroot/Desktop/opengl/build/CMakeFiles/CMakeTmp

Run Build Command(s):/usr/bin/gmake cmTC_93287/fast && /usr/bin/gmake  -f CMakeFiles/cmTC_93287.dir/build.make CMakeFiles/cmTC_93287.dir/build
gmake[1]: Entering directory '/home/unroot/Desktop/opengl/build/CMakeFiles/CMakeTmp'
Building C object CMakeFiles/cmTC_93287.dir/CheckFunctionExists.c.o
/usr/bin/cc   -DCHECK_FUNCTION_EXISTS=pthread_create -o CMakeFiles/cmTC_93287.dir/CheckFunctionExists.c.o -c /usr/share/cmake-3.18/Modules/CheckFunctionExists.c
Linking C executable cmTC_93287
/usr/bin/cmake -E cmake_link_script CMakeFiles/cmTC_93287.dir/link.txt --verbose=1
/usr/bin/cc  -DCHECK_FUNCTION_EXISTS=pthread_create CMakeFiles/cmTC_93287.dir/CheckFunctionExists.c.o -o cmTC_93287  -lpthread 
gmake[1]: Leaving directory '/home/unroot/Desktop/opengl/build/CMakeFiles/CMakeTmp'



Determining if the function XOpenDisplay exists in the /usr/lib/x86_64-linux-gnu/libX11.so;/usr/lib/x86_64-linux-gnu/libXext.so passed with the following output:
Change Dir: /home/unroot/Desktop/opengl/build/CMakeFiles/CMakeTmp

Run Build Command(s):/usr/bin/gmake cmTC_318fd/fast && /usr/bin/gmake  -f CMakeFiles/cmTC_318fd.dir/build.make CMakeFiles/cmTC_318fd.dir/build
gmake[1]: Entering directory '/home/unroot/Desktop/opengl/build/CMakeFiles/CMakeTmp'
Building C object CMakeFiles/cmTC_318fd.dir/CheckFunctionExists.c.o
/usr/bin/cc   -DCHECK_FUNCTION_EXISTS=XOpenDisplay -o CMakeFiles/cmTC_318fd.dir/CheckFunctionExists.c.o -c /usr/share/cmake-3.18/Modules/CheckFunctionExists.c
Linking C executable cmTC_318fd
/usr/bin/cmake -E cmake_link_script CMakeFiles/cmTC_318fd.dir/link.txt --verbose=1
/usr/bin/cc  -DCHECK_FUNCTION_EXISTS=XOpenDisplay CMakeFiles/cmTC_318fd.dir/CheckFunctionExists.c.o -o cmTC_318fd  /usr/lib/x86_64-linux-gnu/libX11.so /usr/lib/x86_64-linux-gnu/libXext.so 
gmake[1]: Leaving directory '/home/unroot/Desktop/opengl/build/CMakeFiles/CMakeTmp'



Determining if the function gethostbyname exists passed with the following output:
Change Dir: /home/unroot/Desktop/opengl/build/CMakeFiles/CMakeTmp

Run Build Command(s):/usr/bin/gmake cmTC_e969a/fast && /usr/bin/gmake  -f CMakeFiles/cmTC_e969a.dir/build.make CMakeFiles/cmTC_e969a.dir/build
gmake[1]: Entering directory '/home/unroot/Desktop/opengl/build/CMakeFiles/CMakeTmp'
Building C object CMakeFiles/cmTC_e969a.dir/CheckFunctionExists.c.o
/usr/bin/cc   -DCHECK_FUNCTION_EXISTS=gethostbyname -o CMakeFiles/cmTC_e969a.dir/CheckFunctionExists.c.o -c /usr/share/cmake-3.18/Modules/CheckFunctionExists.c
Linking C executable cmTC_e969a
/usr/bin/cmake -E cmake_link_script CMakeFiles/cmTC_e969a.dir/link.txt --verbose=1
/usr/bin/cc  -DCHECK_FUNCTION_EXISTS=gethostbyname CMakeFiles/cmTC_e969a.dir/CheckFunctionExists.c.o -o cmTC_e969a 
gmake[1]: Leaving directory '/home/unroot/Desktop/opengl/build/CMakeFiles/CMakeTmp'



Determining if the function connect exists passed with the following output:
Change Dir: /home/unroot/Desktop/opengl/build/CMakeFiles/CMakeTmp

Run Build Command(s):/usr/bin/gmake cmTC_bde21/fast && /usr/bin/gmake  -f CMakeFiles/cmTC_bde21.dir/build.make CMakeFiles/cmTC_bde21.dir/build
gmake[1]: Entering directory '/home/unroot/Desktop/opengl/build/CMakeFiles/CMakeTmp'
Building C object CMakeFiles/cmTC_bde21.dir/CheckFunctionExists.c.o
/usr/bin/cc   -DCHECK_FUNCTION_EXISTS=connect -o CMakeFiles/cmTC_bde21.dir/CheckFunctionExists.c.o -c /usr/share/cmake-3.18/Modules/CheckFunctionExists.c
Linking C executable cmTC_bde21
/usr/bin/cmake -E cmake_link_script CMakeFiles/cmTC_bde21.dir/link.txt --verbose=1
/usr/bin/cc  -DCHECK_FUNCTION_EXISTS=connect CMakeFiles/cmTC_bde21.dir/CheckFunctionExists.c.o -o cmTC_bde21 
gmake[1]: Leaving directory '/home/unroot/Desktop/opengl/build/CMakeFiles/CMakeTmp'



Determining if the function remove exists passed with the following output:
Change Dir: /home/unroot/Desktop/opengl/build/CMakeFiles/CMakeTmp

Run Build Command(s):/usr/bin/gmake cmTC_facab/fast && /usr/bin/gmake  -f CMakeFiles/cmTC_facab.dir/build.make CMakeFiles/cmTC_facab.dir/build
gmake[1]: Entering directory '/home/unroot/Desktop/opengl/build/CMakeFiles/CMakeTmp'
Building C object CMakeFiles/cmTC_facab.dir/CheckFunctionExists.c.o
/usr/bin/cc   -DCHECK_FUNCTION_EXISTS=remove -o CMakeFiles/cmTC_facab.dir/CheckFunctionExists.c.o -c /usr/share/cmake-3.18/Modules/CheckFunctionExists.c
Linking C executable cmTC_facab
/usr/bin/cmake -E cmake_link_script CMakeFiles/cmTC_facab.dir/link.txt --verbose=1
/usr/bin/cc  -DCHECK_FUNCTION_EXISTS=remove CMakeFiles/cmTC_facab.dir/CheckFunctionExists.c.o -o cmTC_facab 
gmake[1]: Leaving directory '/home/unroot/Desktop/opengl/build/CMakeFiles/CMakeTmp'



Determining if the function shmat exists passed with the following output:
Change Dir: /home/unroot/Desktop/opengl/build/CMakeFiles/CMakeTmp

Run Build Command(s):/usr/bin/gmake cmTC_997fb/fast && /usr/bin/gmake  -f CMakeFiles/cmTC_997fb.dir/build.make CMakeFiles/cmTC_997fb.dir/build
gmake[1]: Entering directory '/home/unroot/Desktop/opengl/build/CMakeFiles/CMakeTmp'
Building C object CMakeFiles/cmTC_997fb.dir/CheckFunctionExists.c.o
/usr/bin/cc   -DCHECK_FUNCTION_EXISTS=shmat -o CMakeFiles/cmTC_997fb.dir/CheckFunctionExists.c.o -c /usr/share/cmake-3.18/Modules/CheckFunctionExists.c
Linking C executable cmTC_997fb
/usr/bin/cmake -E cmake_link_script CMakeFiles/cmTC_997fb.dir/link.txt --verbose=1
/usr/bin/cc  -DCHECK_FUNCTION_EXISTS=shmat CMakeFiles/cmTC_997fb.dir/CheckFunctionExists.c.o -o cmTC_997fb 
gmake[1]: Leaving directory '/home/unroot/Desktop/opengl/build/CMakeFiles/CMakeTmp'



Determining if the function IceConnectionNumber exists in the ICE passed with the following output:
Change Dir: /home/unroot/Desktop/opengl/build/CMakeFiles/CMakeTmp

Run Build Command(s):/usr/bin/gmake cmTC_84a23/fast && /usr/bin/gmake  -f CMakeFiles/cmTC_84a23.dir/build.make CMakeFiles/cmTC_84a23.dir/build
gmake[1]: Entering directory '/home/unroot/Desktop/opengl/build/CMakeFiles/CMakeTmp'
Building C object CMakeFiles/cmTC_84a23.dir/CheckFunctionExists.c.o
/usr/bin/cc   -DCHECK_FUNCTION_EXISTS=IceConnectionNumber -o CMakeFiles/cmTC_84a23.dir/CheckFunctionExists.c.o -c /usr/share/cmake-3.18/Modules/CheckFunctionExists.c
Linking C executable cmTC_84a23
/usr/bin/cmake -E cmake_link_script CMakeFiles/cmTC_84a23.dir/link.txt --verbose=1
/usr/bin/cc  -DCHECK_FUNCTION_EXISTS=IceConnectionNumber CMakeFiles/cmTC_84a23.dir/CheckFunctionExists.c.o -o cmTC_84a23  -lICE 
gmake[1]: Leaving directory '/home/unroot/Desktop/opengl/build/CMakeFiles/CMakeTmp'



Performing C++ SOURCE FILE Test PODOFO_HAVE_UNIQUE_PTR succeeded with the following output:
Change Dir: /home/unroot/Desktop/opengl/build/CMakeFiles/CMakeTmp

Run Build Command(s):/usr/bin/gmake cmTC_afacc/fast && /usr/bin/gmake  -f CMakeFiles/cmTC_afacc.dir/build.make CMakeFiles/cmTC_afacc.dir/build
gmake[1]: Entering directory '/home/unroot/Desktop/opengl/build/CMakeFiles/CMakeTmp'
Building CXX object CMakeFiles/cmTC_afacc.dir/src.cxx.o
/usr/bin/c++   -DPODOFO_HAVE_UNIQUE_PTR -o CMakeFiles/cmTC_afacc.dir/src.cxx.o -c /home/unroot/Desktop/opengl/build/CMakeFiles/CMakeTmp/src.cxx
Linking CXX executable cmTC_afacc
/usr/bin/cmake -E cmake_link_script CMakeFiles/cmTC_afacc.dir/link.txt --verbose=1
/usr/bin/c++  -DPODOFO_HAVE_UNIQUE_PTR -rdynamic CMakeFiles/cmTC_afacc.dir/src.cxx.o -o cmTC_afacc 
gmake[1]: Leaving directory '/home/unroot/Desktop/opengl/build/CMakeFiles/CMakeTmp'


Source file was:
#include <memory>
			class Cls {
			public:
			Cls() {}
			~Cls() {}
			};
			int main(void) { std::unique_ptr<Cls> cls; return 0; }
Determining if the include file strings.h exists passed with the following output:
Change Dir: /home/unroot/Desktop/opengl/build/CMakeFiles/CMakeTmp

Run Build Command(s):/usr/bin/gmake cmTC_febef/fast && /usr/bin/gmake  -f CMakeFiles/cmTC_febef.dir/build.make CMakeFiles/cmTC_febef.dir/build
gmake[1]: Entering directory '/home/unroot/Desktop/opengl/build/CMakeFiles/CMakeTmp'
Building C object CMakeFiles/cmTC_febef.dir/CheckIncludeFile.c.o
/usr/bin/cc    -o CMakeFiles/cmTC_febef.dir/CheckIncludeFile.c.o -c /home/unroot/Desktop/opengl/build/CMakeFiles/CMakeTmp/CheckIncludeFile.c
Linking C executable cmTC_febef
/usr/bin/cmake -E cmake_link_script CMakeFiles/cmTC_febef.dir/link.txt --verbose=1
/usr/bin/cc CMakeFiles/cmTC_febef.dir/CheckIncludeFile.c.o -o cmTC_febef 
gmake[1]: Leaving directory '/home/unroot/Desktop/opengl/build/CMakeFiles/CMakeTmp'



Determining if the include file arpa/inet.h exists passed with the following output:
Change Dir: /home/unroot/Desktop/opengl/build/CMakeFiles/CMakeTmp

Run Build Command(s):/usr/bin/gmake cmTC_887e1/fast && /usr/bin/gmake  -f CMakeFiles/cmTC_887e1.dir/build.make CMakeFiles/cmTC_887e1.dir/build
gmake[1]: Entering directory '/home/unroot/Desktop/opengl/build/CMakeFiles/CMakeTmp'
Building C object CMakeFiles/cmTC_887e1.dir/CheckIncludeFile.c.o
/usr/bin/cc    -o CMakeFiles/cmTC_887e1.dir/CheckIncludeFile.c.o -c /home/unroot/Desktop/opengl/build/CMakeFiles/CMakeTmp/CheckIncludeFile.c
Linking C executable cmTC_887e1
/usr/bin/cmake -E cmake_link_script CMakeFiles/cmTC_887e1.dir/link.txt --verbose=1
/usr/bin/cc CMakeFiles/cmTC_887e1.dir/CheckIncludeFile.c.o -o cmTC_887e1 
gmake[1]: Leaving directory '/home/unroot/Desktop/opengl/build/CMakeFiles/CMakeTmp'



Determining if the include file ctype.h exists passed with the following output:
Change Dir: /home/unroot/Desktop/opengl/build/CMakeFiles/CMakeTmp

Run Build Command(s):/usr/bin/gmake cmTC_6bdd3/fast && /usr/bin/gmake  -f CMakeFiles/cmTC_6bdd3.dir/build.make CMakeFiles/cmTC_6bdd3.dir/build
gmake[1]: Entering directory '/home/unroot/Desktop/opengl/build/CMakeFiles/CMakeTmp'
Building C object CMakeFiles/cmTC_6bdd3.dir/CheckIncludeFile.c.o
/usr/bin/cc    -o CMakeFiles/cmTC_6bdd3.dir/CheckIncludeFile.c.o -c /home/unroot/Desktop/opengl/build/CMakeFiles/CMakeTmp/CheckIncludeFile.c
Linking C executable cmTC_6bdd3
/usr/bin/cmake -E cmake_link_script CMakeFiles/cmTC_6bdd3.dir/link.txt --verbose=1
/usr/bin/cc CMakeFiles/cmTC_6bdd3.dir/CheckIncludeFile.c.o -o cmTC_6bdd3 
gmake[1]: Leaving directory '/home/unroot/Desktop/opengl/build/CMakeFiles/CMakeTmp'



Determining if the include file sys/types.h exists passed with the following output:
Change Dir: /home/unroot/Desktop/opengl/build/CMakeFiles/CMakeTmp

Run Build Command(s):/usr/bin/gmake cmTC_acb2b/fast && /usr/bin/gmake  -f CMakeFiles/cmTC_acb2b.dir/build.make CMakeFiles/cmTC_acb2b.dir/build
gmake[1]: Entering directory '/home/unroot/Desktop/opengl/build/CMakeFiles/CMakeTmp'
Building C object CMakeFiles/cmTC_acb2b.dir/CheckIncludeFile.c.o
/usr/bin/cc    -o CMakeFiles/cmTC_acb2b.dir/CheckIncludeFile.c.o -c /home/unroot/Desktop/opengl/build/CMakeFiles/CMakeTmp/CheckIncludeFile.c
Linking C executable cmTC_acb2b
/usr/bin/cmake -E cmake_link_script CMakeFiles/cmTC_acb2b.dir/link.txt --verbose=1
/usr/bin/cc CMakeFiles/cmTC_acb2b.dir/CheckIncludeFile.c.o -o cmTC_acb2b 
gmake[1]: Leaving directory '/home/unroot/Desktop/opengl/build/CMakeFiles/CMakeTmp'



Determining if the include file stdint.h exists passed with the following output:
Change Dir: /home/unroot/Desktop/opengl/build/CMakeFiles/CMakeTmp

Run Build Command(s):/usr/bin/gmake cmTC_21840/fast && /usr/bin/gmake  -f CMakeFiles/cmTC_21840.dir/build.make CMakeFiles/cmTC_21840.dir/build
gmake[1]: Entering directory '/home/unroot/Desktop/opengl/build/CMakeFiles/CMakeTmp'
Building C object CMakeFiles/cmTC_21840.dir/CheckIncludeFile.c.o
/usr/bin/cc    -o CMakeFiles/cmTC_21840.dir/CheckIncludeFile.c.o -c /home/unroot/Desktop/opengl/build/CMakeFiles/CMakeTmp/CheckIncludeFile.c
Linking C executable cmTC_21840
/usr/bin/cmake -E cmake_link_script CMakeFiles/cmTC_21840.dir/link.txt --verbose=1
/usr/bin/cc CMakeFiles/cmTC_21840.dir/CheckIncludeFile.c.o -o cmTC_21840 
gmake[1]: Leaving directory '/home/unroot/Desktop/opengl/build/CMakeFiles/CMakeTmp'



Determining if the include file sys/types.h exists passed with the following output:
Change Dir: /home/unroot/Desktop/opengl/build/CMakeFiles/CMakeTmp

Run Build Command(s):/usr/bin/gmake cmTC_99422/fast && /usr/bin/gmake  -f CMakeFiles/cmTC_99422.dir/build.make CMakeFiles/cmTC_99422.dir/build
gmake[1]: Entering directory '/home/unroot/Desktop/opengl/build/CMakeFiles/CMakeTmp'
Building C object CMakeFiles/cmTC_99422.dir/CheckIncludeFile.c.o
/usr/bin/cc    -o CMakeFiles/cmTC_99422.dir/CheckIncludeFile.c.o -c /home/unroot/Desktop/opengl/build/CMakeFiles/CMakeTmp/CheckIncludeFile.c
Linking C executable cmTC_99422
/usr/bin/cmake -E cmake_link_script CMakeFiles/cmTC_99422.dir/link.txt --verbose=1
/usr/bin/cc CMakeFiles/cmTC_99422.dir/CheckIncludeFile.c.o -o cmTC_99422 
gmake[1]: Leaving directory '/home/unroot/Desktop/opengl/build/CMakeFiles/CMakeTmp'



Determining if the include file stdint.h exists passed with the following output:
Change Dir: /home/unroot/Desktop/opengl/build/CMakeFiles/CMakeTmp

Run Build Command(s):/usr/bin/gmake cmTC_3ad4a/fast && /usr/bin/gmake  -f CMakeFiles/cmTC_3ad4a.dir/build.make CMakeFiles/cmTC_3ad4a.dir/build
gmake[1]: Entering directory '/home/unroot/Desktop/opengl/build/CMakeFiles/CMakeTmp'
Building C object CMakeFiles/cmTC_3ad4a.dir/CheckIncludeFile.c.o
/usr/bin/cc    -o CMakeFiles/cmTC_3ad4a.dir/CheckIncludeFile.c.o -c /home/unroot/Desktop/opengl/build/CMakeFiles/CMakeTmp/CheckIncludeFile.c
Linking C executable cmTC_3ad4a
/usr/bin/cmake -E cmake_link_script CMakeFiles/cmTC_3ad4a.dir/link.txt --verbose=1
/usr/bin/cc CMakeFiles/cmTC_3ad4a.dir/CheckIncludeFile.c.o -o cmTC_3ad4a 
gmake[1]: Leaving directory '/home/unroot/Desktop/opengl/build/CMakeFiles/CMakeTmp'



Determining if the include file stddef.h exists passed with the following output:
Change Dir: /home/unroot/Desktop/opengl/build/CMakeFiles/CMakeTmp

Run Build Command(s):/usr/bin/gmake cmTC_99bb5/fast && /usr/bin/gmake  -f CMakeFiles/cmTC_99bb5.dir/build.make CMakeFiles/cmTC_99bb5.dir/build
gmake[1]: Entering directory '/home/unroot/Desktop/opengl/build/CMakeFiles/CMakeTmp'
Building C object CMakeFiles/cmTC_99bb5.dir/CheckIncludeFile.c.o
/usr/bin/cc    -o CMakeFiles/cmTC_99bb5.dir/CheckIncludeFile.c.o -c /home/unroot/Desktop/opengl/build/CMakeFiles/CMakeTmp/CheckIncludeFile.c
Linking C executable cmTC_99bb5
/usr/bin/cmake -E cmake_link_script CMakeFiles/cmTC_99bb5.dir/link.txt --verbose=1
/usr/bin/cc CMakeFiles/cmTC_99bb5.dir/CheckIncludeFile.c.o -o cmTC_99bb5 
gmake[1]: Leaving directory '/home/unroot/Desktop/opengl/build/CMakeFiles/CMakeTmp'



Determining size of long int passed with the following output:
Change Dir: /home/unroot/Desktop/opengl/build/CMakeFiles/CMakeTmp

Run Build Command(s):/usr/bin/gmake cmTC_3aed7/fast && /usr/bin/gmake  -f CMakeFiles/cmTC_3aed7.dir/build.make CMakeFiles/cmTC_3aed7.dir/build
gmake[1]: Entering directory '/home/unroot/Desktop/opengl/build/CMakeFiles/CMakeTmp'
Building C object CMakeFiles/cmTC_3aed7.dir/SZ_LONG.c.o
/usr/bin/cc    -o CMakeFiles/cmTC_3aed7.dir/SZ_LONG.c.o -c /home/unroot/Desktop/opengl/build/CMakeFiles/CheckTypeSize/SZ_LONG.c
Linking C executable cmTC_3aed7
/usr/bin/cmake -E cmake_link_script CMakeFiles/cmTC_3aed7.dir/link.txt --verbose=1
/usr/bin/cc -rdynamic CMakeFiles/cmTC_3aed7.dir/SZ_LONG.c.o -o cmTC_3aed7 
gmake[1]: Leaving directory '/home/unroot/Desktop/opengl/build/CMakeFiles/CMakeTmp'



Determining size of int64_t passed with the following output:
Change Dir: /home/unroot/Desktop/opengl/build/CMakeFiles/CMakeTmp

Run Build Command(s):/usr/bin/gmake cmTC_c13d2/fast && /usr/bin/gmake  -f CMakeFiles/cmTC_c13d2.dir/build.make CMakeFiles/cmTC_c13d2.dir/build
gmake[1]: Entering directory '/home/unroot/Desktop/opengl/build/CMakeFiles/CMakeTmp'
Building C object CMakeFiles/cmTC_c13d2.dir/SZ_INT64.c.o
/usr/bin/cc    -o CMakeFiles/cmTC_c13d2.dir/SZ_INT64.c.o -c /home/unroot/Desktop/opengl/build/CMakeFiles/CheckTypeSize/SZ_INT64.c
Linking C executable cmTC_c13d2
/usr/bin/cmake -E cmake_link_script CMakeFiles/cmTC_c13d2.dir/link.txt --verbose=1
/usr/bin/cc -rdynamic CMakeFiles/cmTC_c13d2.dir/SZ_INT64.c.o -o cmTC_c13d2 
gmake[1]: Leaving directory '/home/unroot/Desktop/opengl/build/CMakeFiles/CMakeTmp'



Determining size of unsigned short passed with the following output:
Change Dir: /home/unroot/Desktop/opengl/build/CMakeFiles/CMakeTmp

Run Build Command(s):/usr/bin/gmake cmTC_4a217/fast && /usr/bin/gmake  -f CMakeFiles/cmTC_4a217.dir/build.make CMakeFiles/cmTC_4a217.dir/build
gmake[1]: Entering directory '/home/unroot/Desktop/opengl/build/CMakeFiles/CMakeTmp'
Building C object CMakeFiles/cmTC_4a217.dir/CMAKE_SIZEOF_UNSIGNED_SHORT.c.o
/usr/bin/cc    -o CMakeFiles/cmTC_4a217.dir/CMAKE_SIZEOF_UNSIGNED_SHORT.c.o -c /home/unroot/Desktop/opengl/build/CMakeFiles/CheckTypeSize/CMAKE_SIZEOF_UNSIGNED_SHORT.c
Linking C executable cmTC_4a217
/usr/bin/cmake -E cmake_link_script CMakeFiles/cmTC_4a217.dir/link.txt --verbose=1
/usr/bin/cc -rdynamic CMakeFiles/cmTC_4a217.dir/CMAKE_SIZEOF_UNSIGNED_SHORT.c.o -o cmTC_4a217 
gmake[1]: Leaving directory '/home/unroot/Desktop/opengl/build/CMakeFiles/CMakeTmp'



Determining if the system is big endian passed with the following output:
Change Dir: /home/unroot/Desktop/opengl/build/CMakeFiles/CMakeTmp

Run Build Command(s):/usr/bin/gmake cmTC_33942/fast && /usr/bin/gmake  -f CMakeFiles/cmTC_33942.dir/build.make CMakeFiles/cmTC_33942.dir/build
gmake[1]: Entering directory '/home/unroot/Desktop/opengl/build/CMakeFiles/CMakeTmp'
Building C object CMakeFiles/cmTC_33942.dir/TestEndianess.c.o
/usr/bin/cc    -o CMakeFiles/cmTC_33942.dir/TestEndianess.c.o -c /home/unroot/Desktop/opengl/build/CMakeFiles/CMakeTmp/TestEndianess.c
Linking C executable cmTC_33942
/usr/bin/cmake -E cmake_link_script CMakeFiles/cmTC_33942.dir/link.txt --verbose=1
/usr/bin/cc -rdynamic CMakeFiles/cmTC_33942.dir/TestEndianess.c.o -o cmTC_33942 
gmake[1]: Leaving directory '/home/unroot/Desktop/opengl/build/CMakeFiles/CMakeTmp'


TestEndianess.c:
/* A 16 bit integer is required. */
typedef unsigned short cmakeint16;

/* On a little endian machine, these 16bit ints will give "THIS IS LITTLE ENDIAN."
   On a big endian machine the characters will be exchanged pairwise. */
const cmakeint16 info_little[] =  {0x4854, 0x5349, 0x4920, 0x2053, 0x494c, 0x5454, 0x454c, 0x4520, 0x444e, 0x4149, 0x2e4e, 0x0000};

/* on a big endian machine, these 16bit ints will give "THIS IS BIG ENDIAN."
   On a little endian machine the characters will be exchanged pairwise. */
const cmakeint16 info_big[] =     {0x5448, 0x4953, 0x2049, 0x5320, 0x4249, 0x4720, 0x454e, 0x4449, 0x414e, 0x2e2e, 0x0000};

#ifdef __CLASSIC_C__
int main(argc, argv) int argc; char *argv[];
#else
int main(int argc, char *argv[])
#endif
{
  int require = 0;
  require += info_little[argc];
  require += info_big[argc];
  (void)argv;
  return require;
}


Performing C SOURCE FILE Test PODOFO_HAVE_OPENSSL_1_1 succeeded with the following output:
Change Dir: /home/unroot/Desktop/opengl/build/CMakeFiles/CMakeTmp

Run Build Command(s):/usr/bin/gmake cmTC_21add/fast && /usr/bin/gmake  -f CMakeFiles/cmTC_21add.dir/build.make CMakeFiles/cmTC_21add.dir/build
gmake[1]: Entering directory '/home/unroot/Desktop/opengl/build/CMakeFiles/CMakeTmp'
Building C object CMakeFiles/cmTC_21add.dir/src.c.o
/usr/bin/cc   -DPODOFO_HAVE_OPENSSL_1_1 -o CMakeFiles/cmTC_21add.dir/src.c.o -c /home/unroot/Desktop/opengl/build/CMakeFiles/CMakeTmp/src.c
Linking C executable cmTC_21add
/usr/bin/cmake -E cmake_link_script CMakeFiles/cmTC_21add.dir/link.txt --verbose=1
/usr/bin/cc  -DPODOFO_HAVE_OPENSSL_1_1 CMakeFiles/cmTC_21add.dir/src.c.o -o cmTC_21add  /usr/lib/x86_64-linux-gnu/libcrypto.so 
gmake[1]: Leaving directory '/home/unroot/Desktop/opengl/build/CMakeFiles/CMakeTmp'


Source file was:
#include <openssl/opensslv.h>
			#ifndef OPENSSL_VERSION_NUMBER
			#error No OPENSSL_VERSION_NUMBER defined
			#endif
			#if OPENSSL_VERSION_NUMBER < 0x10100000L
			#error This is not OpenSSL 1.1 or higher
			#endif
			int main(void) { return 0; }
Determining if files /usr/include/X11/extensions/XInput2.h exist passed with the following output:
Change Dir: /home/unroot/Desktop/opengl/build/CMakeFiles/CMakeTmp

Run Build Command(s):/usr/bin/gmake cmTC_ca398/fast && /usr/bin/gmake  -f CMakeFiles/cmTC_ca398.dir/build.make CMakeFiles/cmTC_ca398.dir/build
gmake[1]: Entering directory '/home/unroot/Desktop/opengl/build/CMakeFiles/CMakeTmp'
Building C object CMakeFiles/cmTC_ca398.dir/HAVE_X11_EXTENSIONS_XINPUT2_H.c.o
/usr/bin/cc    -o CMakeFiles/cmTC_ca398.dir/HAVE_X11_EXTENSIONS_XINPUT2_H.c.o -c /home/unroot/Desktop/opengl/build/CMakeFiles/CheckIncludeFiles/HAVE_X11_EXTENSIONS_XINPUT2_H.c
Linking C executable cmTC_ca398
/usr/bin/cmake -E cmake_link_script CMakeFiles/cmTC_ca398.dir/link.txt --verbose=1
/usr/bin/cc -rdynamic CMakeFiles/cmTC_ca398.dir/HAVE_X11_EXTENSIONS_XINPUT2_H.c.o -o cmTC_ca398 
gmake[1]: Leaving directory '/home/unroot/Desktop/opengl/build/CMakeFiles/CMakeTmp'



Determining if files unistd.h exist passed with the following output:
Change Dir: /home/unroot/Desktop/opengl/build/CMakeFiles/CMakeTmp

Run Build Command(s):/usr/bin/gmake cmTC_c336d/fast && /usr/bin/gmake  -f CMakeFiles/cmTC_c336d.dir/build.make CMakeFiles/cmTC_c336d.dir/build
gmake[1]: Entering directory '/home/unroot/Desktop/opengl/build/CMakeFiles/CMakeTmp'
Building C object CMakeFiles/cmTC_c336d.dir/HAVE_UNISTD_H.c.o
/usr/bin/cc   -Wall -pedantic  -o CMakeFiles/cmTC_c336d.dir/HAVE_UNISTD_H.c.o -c /home/unroot/Desktop/opengl/build/CMakeFiles/CheckIncludeFiles/HAVE_UNISTD_H.c
Linking C executable cmTC_c336d
/usr/bin/cmake -E cmake_link_script CMakeFiles/cmTC_c336d.dir/link.txt --verbose=1
/usr/bin/cc  -Wall -pedantic  -rdynamic CMakeFiles/cmTC_c336d.dir/HAVE_UNISTD_H.c.o -o cmTC_c336d 
gmake[1]: Leaving directory '/home/unroot/Desktop/opengl/build/CMakeFiles/CMakeTmp'



Determining if files sys/time.h exist passed with the following output:
Change Dir: /home/unroot/Desktop/opengl/build/CMakeFiles/CMakeTmp

Run Build Command(s):/usr/bin/gmake cmTC_5b73e/fast && /usr/bin/gmake  -f CMakeFiles/cmTC_5b73e.dir/build.make CMakeFiles/cmTC_5b73e.dir/build
gmake[1]: Entering directory '/home/unroot/Desktop/opengl/build/CMakeFiles/CMakeTmp'
Building C object CMakeFiles/cmTC_5b73e.dir/HAVE_SYS_TIME_H.c.o
/usr/bin/cc   -Wall -pedantic  -o CMakeFiles/cmTC_5b73e.dir/HAVE_SYS_TIME_H.c.o -c /home/unroot/Desktop/opengl/build/CMakeFiles/CheckIncludeFiles/HAVE_SYS_TIME_H.c
Linking C executable cmTC_5b73e
/usr/bin/cmake -E cmake_link_script CMakeFiles/cmTC_5b73e.dir/link.txt --verbose=1
/usr/bin/cc  -Wall -pedantic  -rdynamic CMakeFiles/cmTC_5b73e.dir/HAVE_SYS_TIME_H.c.o -o cmTC_5b73e 
gmake[1]: Leaving directory '/home/unroot/Desktop/opengl/build/CMakeFiles/CMakeTmp'



Determining if files stdbool.h exist passed with the following output:
Change Dir: /home/unroot/Desktop/opengl/build/CMakeFiles/CMakeTmp

Run Build Command(s):/usr/bin/gmake cmTC_421ad/fast && /usr/bin/gmake  -f CMakeFiles/cmTC_421ad.dir/build.make CMakeFiles/cmTC_421ad.dir/build
gmake[1]: Entering directory '/home/unroot/Desktop/opengl/build/CMakeFiles/CMakeTmp'
Building C object CMakeFiles/cmTC_421ad.dir/HAVE_STDBOOL_H.c.o
/usr/bin/cc   -Wall -pedantic  -o CMakeFiles/cmTC_421ad.dir/HAVE_STDBOOL_H.c.o -c /home/unroot/Desktop/opengl/build/CMakeFiles/CheckIncludeFiles/HAVE_STDBOOL_H.c
Linking C executable cmTC_421ad
/usr/bin/cmake -E cmake_link_script CMakeFiles/cmTC_421ad.dir/link.txt --verbose=1
/usr/bin/cc  -Wall -pedantic  -rdynamic CMakeFiles/cmTC_421ad.dir/HAVE_STDBOOL_H.c.o -o cmTC_421ad 
gmake[1]: Leaving directory '/home/unroot/Desktop/opengl/build/CMakeFiles/CMakeTmp'



Determining if files sys/param.h exist passed with the following output:
Change Dir: /home/unroot/Desktop/opengl/build/CMakeFiles/CMakeTmp

Run Build Command(s):/usr/bin/gmake cmTC_3be54/fast && /usr/bin/gmake  -f CMakeFiles/cmTC_3be54.dir/build.make CMakeFiles/cmTC_3be54.dir/build
gmake[1]: Entering directory '/home/unroot/Desktop/opengl/build/CMakeFiles/CMakeTmp'
Building C object CMakeFiles/cmTC_3be54.dir/HAVE_SYS_PARAM_H.c.o
/usr/bin/cc   -Wall -pedantic  -o CMakeFiles/cmTC_3be54.dir/HAVE_SYS_PARAM_H.c.o -c /home/unroot/Desktop/opengl/build/CMakeFiles/CheckIncludeFiles/HAVE_SYS_PARAM_H.c
Linking C executable cmTC_3be54
/usr/bin/cmake -E cmake_link_script CMakeFiles/cmTC_3be54.dir/link.txt --verbose=1
/usr/bin/cc  -Wall -pedantic  -rdynamic CMakeFiles/cmTC_3be54.dir/HAVE_SYS_PARAM_H.c.o -o cmTC_3be54 
gmake[1]: Leaving directory '/home/unroot/Desktop/opengl/build/CMakeFiles/CMakeTmp'



Determining if files sys/ioctl.h exist passed with the following output:
Change Dir: /home/unroot/Desktop/opengl/build/CMakeFiles/CMakeTmp

Run Build Command(s):/usr/bin/gmake cmTC_d8619/fast && /usr/bin/gmake  -f CMakeFiles/cmTC_d8619.dir/build.make CMakeFiles/cmTC_d8619.dir/build
gmake[1]: Entering directory '/home/unroot/Desktop/opengl/build/CMakeFiles/CMakeTmp'
Building C object CMakeFiles/cmTC_d8619.dir/HAVE_SYS_IOCTL_H.c.o
/usr/bin/cc   -Wall -pedantic  -o CMakeFiles/cmTC_d8619.dir/HAVE_SYS_IOCTL_H.c.o -c /home/unroot/Desktop/opengl/build/CMakeFiles/CheckIncludeFiles/HAVE_SYS_IOCTL_H.c
Linking C executable cmTC_d8619
/usr/bin/cmake -E cmake_link_script CMakeFiles/cmTC_d8619.dir/link.txt --verbose=1
/usr/bin/cc  -Wall -pedantic  -rdynamic CMakeFiles/cmTC_d8619.dir/HAVE_SYS_IOCTL_H.c.o -o cmTC_d8619 
gmake[1]: Leaving directory '/home/unroot/Desktop/opengl/build/CMakeFiles/CMakeTmp'



Determining if files fcntl.h exist passed with the following output:
Change Dir: /home/unroot/Desktop/opengl/build/CMakeFiles/CMakeTmp

Run Build Command(s):/usr/bin/gmake cmTC_8a3ca/fast && /usr/bin/gmake  -f CMakeFiles/cmTC_8a3ca.dir/build.make CMakeFiles/cmTC_8a3ca.dir/build
gmake[1]: Entering directory '/home/unroot/Desktop/opengl/build/CMakeFiles/CMakeTmp'
Building C object CMakeFiles/cmTC_8a3ca.dir/HAVE_FCNTL_H.c.o
/usr/bin/cc   -Wall -pedantic  -o CMakeFiles/cmTC_8a3ca.dir/HAVE_FCNTL_H.c.o -c /home/unroot/Desktop/opengl/build/CMakeFiles/CheckIncludeFiles/HAVE_FCNTL_H.c
Linking C executable cmTC_8a3ca
/usr/bin/cmake -E cmake_link_script CMakeFiles/cmTC_8a3ca.dir/link.txt --verbose=1
/usr/bin/cc  -Wall -pedantic  -rdynamic CMakeFiles/cmTC_8a3ca.dir/HAVE_FCNTL_H.c.o -o cmTC_8a3ca 
gmake[1]: Leaving directory '/home/unroot/Desktop/opengl/build/CMakeFiles/CMakeTmp'



Determining if the function gettimeofday exists passed with the following output:
Change Dir: /home/unroot/Desktop/opengl/build/CMakeFiles/CMakeTmp

Run Build Command(s):/usr/bin/gmake cmTC_64e3f/fast && /usr/bin/gmake  -f CMakeFiles/cmTC_64e3f.dir/build.make CMakeFiles/cmTC_64e3f.dir/build
gmake[1]: Entering directory '/home/unroot/Desktop/opengl/build/CMakeFiles/CMakeTmp'
Building C object CMakeFiles/cmTC_64e3f.dir/CheckFunctionExists.c.o
/usr/bin/cc   -Wall -pedantic -DCHECK_FUNCTION_EXISTS=gettimeofday -o CMakeFiles/cmTC_64e3f.dir/CheckFunctionExists.c.o -c /usr/share/cmake-3.18/Modules/CheckFunctionExists.c
Linking C executable cmTC_64e3f
/usr/bin/cmake -E cmake_link_script CMakeFiles/cmTC_64e3f.dir/link.txt --verbose=1
/usr/bin/cc  -Wall -pedantic -DCHECK_FUNCTION_EXISTS=gettimeofday CMakeFiles/cmTC_64e3f.dir/CheckFunctionExists.c.o -o cmTC_64e3f  -lm 
gmake[1]: Leaving directory '/home/unroot/Desktop/opengl/build/CMakeFiles/CMakeTmp'



Determining if files inttypes.h exist passed with the following output:
Change Dir: /home/unroot/Desktop/opengl/build/CMakeFiles/CMakeTmp

Run Build Command(s):/usr/bin/gmake cmTC_12d81/fast && /usr/bin/gmake  -f CMakeFiles/cmTC_12d81.dir/build.make CMakeFiles/cmTC_12d81.dir/build
gmake[1]: Entering directory '/home/unroot/Desktop/opengl/build/CMakeFiles/CMakeTmp'
Building C object CMakeFiles/cmTC_12d81.dir/HAVE_INTTYPES_H.c.o
/usr/bin/cc   -Wall -pedantic  -o CMakeFiles/cmTC_12d81.dir/HAVE_INTTYPES_H.c.o -c /home/unroot/Desktop/opengl/build/CMakeFiles/CheckIncludeFiles/HAVE_INTTYPES_H.c
Linking C executable cmTC_12d81
/usr/bin/cmake -E cmake_link_script CMakeFiles/cmTC_12d81.dir/link.txt --verbose=1
/usr/bin/cc  -Wall -pedantic  -rdynamic CMakeFiles/cmTC_12d81.dir/HAVE_INTTYPES_H.c.o -o cmTC_12d81 
gmake[1]: Leaving directory '/home/unroot/Desktop/opengl/build/CMakeFiles/CMakeTmp'



